#-----------------------------------------------------------
# Vivado v2016.2 (64-bit)
# SW Build 1577090 on Thu Jun  2 16:32:35 MDT 2016
# IP Build 1577682 on Fri Jun  3 12:00:54 MDT 2016
# Start of session at: Tue Jul 26 15:18:09 2016
# Process ID: 3790
# Current directory: /home/micron/StreamLoopback128/software
# Command line: vivado
# Log file: /home/micron/StreamLoopback128/software/vivado.log
# Journal file: /home/micron/StreamLoopback128/software/vivado.jou
#-----------------------------------------------------------
start_gui
open_project /home/micron/StreamLoopback128/firmware/M510_KU060_StreamLoopback128/M510_KU060_StreamLoopback128.xpr
Scanning sources...
Finished scanning sources
INFO: [IP_Flow 19-234] Refreshing IP repositories
INFO: [IP_Flow 19-1704] No user IP repositories specified
INFO: [IP_Flow 19-2313] Loaded Vivado IP repository '/opt/Xilinx/Vivado/2016.2/data/ip'.
update_compile_order -fileset sources_1
reset_run synth_1
reset_run impl_1
launch_runs impl_1 -jobs 6
[Tue Jul 26 15:45:19 2016] Launched synth_1...
Run output will be captured here: /home/micron/StreamLoopback128/firmware/M510_KU060_StreamLoopback128/M510_KU060_StreamLoopback128.runs/synth_1/runme.log
[Tue Jul 26 15:45:19 2016] Launched impl_1...
Run output will be captured here: /home/micron/StreamLoopback128/firmware/M510_KU060_StreamLoopback128/M510_KU060_StreamLoopback128.runs/impl_1/runme.log
reset_run synth_1
launch_runs impl_1 -to_step write_bitstream -jobs 6
[Tue Jul 26 16:04:36 2016] Launched synth_1...
Run output will be captured here: /home/micron/StreamLoopback128/firmware/M510_KU060_StreamLoopback128/M510_KU060_StreamLoopback128.runs/synth_1/runme.log
[Tue Jul 26 16:04:36 2016] Launched impl_1...
Run output will be captured here: /home/micron/StreamLoopback128/firmware/M510_KU060_StreamLoopback128/M510_KU060_StreamLoopback128.runs/impl_1/runme.log
reset_run synth_1
launch_runs impl_1 -to_step write_bitstream -jobs 6
[Wed Jul 27 14:36:13 2016] Launched synth_1...
Run output will be captured here: /home/micron/StreamLoopback128/firmware/M510_KU060_StreamLoopback128/M510_KU060_StreamLoopback128.runs/synth_1/runme.log
[Wed Jul 27 14:36:13 2016] Launched impl_1...
Run output will be captured here: /home/micron/StreamLoopback128/firmware/M510_KU060_StreamLoopback128/M510_KU060_StreamLoopback128.runs/impl_1/runme.log
reset_run impl_1
exit
INFO: [Common 17-206] Exiting Vivado at Wed Jul 27 14:39:41 2016...
