#-----------------------------------------------------------
# Vivado v2016.2 (64-bit)
# SW Build 1577090 on Thu Jun  2 16:32:35 MDT 2016
# IP Build 1577682 on Fri Jun  3 12:00:54 MDT 2016
# Start of session at: Thu Jul 28 16:13:59 2016
# Process ID: 28654
# Current directory: /home/micron/StreamLoopback128/software
# Command line: vivado
# Log file: /home/micron/StreamLoopback128/software/vivado.log
# Journal file: /home/micron/StreamLoopback128/software/vivado.jou
#-----------------------------------------------------------
start_gui
open_project /home/micron/StreamLoopback128/firmware/M510_KU060_StreamLoopback128/M510_KU060_StreamLoopback128.xpr
Scanning sources...
Finished scanning sources
INFO: [IP_Flow 19-234] Refreshing IP repositories
INFO: [IP_Flow 19-1704] No user IP repositories specified
INFO: [IP_Flow 19-2313] Loaded Vivado IP repository '/opt/Xilinx/Vivado/2016.2/data/ip'.
open_project: Time (s): cpu = 00:00:16 ; elapsed = 00:00:06 . Memory (MB): peak = 5981.375 ; gain = 204.355 ; free physical = 29324 ; free virtual = 38800
update_compile_order -fileset sources_1
reset_run synth_1
launch_runs impl_1 -to_step write_bitstream -jobs 6
[Thu Jul 28 16:35:25 2016] Launched synth_1...
Run output will be captured here: /home/micron/StreamLoopback128/firmware/M510_KU060_StreamLoopback128/M510_KU060_StreamLoopback128.runs/synth_1/runme.log
[Thu Jul 28 16:35:25 2016] Launched impl_1...
Run output will be captured here: /home/micron/StreamLoopback128/firmware/M510_KU060_StreamLoopback128/M510_KU060_StreamLoopback128.runs/impl_1/runme.log
open_run impl_1
INFO: [Netlist 29-17] Analyzing 57 Unisim elements for replacement
INFO: [Netlist 29-28] Unisim Transformation completed in 0 CPU seconds
INFO: [Project 1-479] Netlist was created with Vivado 2016.2
INFO: [Device 21-403] Loading part xcku060-ffva1156-2-e
INFO: [Project 1-570] Preparing netlist for logic optimization
Parsing XDC File [/home/micron/StreamLoopback128/software/.Xil/Vivado-28654-micron-ubuntu/dcp/Pico_Toplevel_early.xdc]
Finished Parsing XDC File [/home/micron/StreamLoopback128/software/.Xil/Vivado-28654-micron-ubuntu/dcp/Pico_Toplevel_early.xdc]
Parsing XDC File [/home/micron/StreamLoopback128/software/.Xil/Vivado-28654-micron-ubuntu/dcp/Pico_Toplevel.xdc]
WARNING: [Constraints 18-4434] Global Clock Buffer 'PicoFramework/core/pcie3_ultrascale_0_i/inst/gt_top_i/phy_clk_i/bufg_gt_pclk' is LOCed to site 'BUFG_GT_X1Y36'. Using a LOC constraint to assign the placement of a Global Clock Buffer can result in sub-optimal placement results in UltraScale. [/home/micron/StreamLoopback128/firmware/M510_KU060_StreamLoopback128/firmware/m510/src/M510_KU060_FFVA1156_E.xdc:118]
Resolution: Remove the LOC constraint and use the CLOCK_REGION constraint to assign a Global Clock Buffer to a CLOCK_REGION.
WARNING: [Constraints 18-4434] Global Clock Buffer 'PicoFramework/core/pcie3_ultrascale_0_i/inst/gt_top_i/phy_clk_i/bufg_gt_userclk' is LOCed to site 'BUFG_GT_X1Y37'. Using a LOC constraint to assign the placement of a Global Clock Buffer can result in sub-optimal placement results in UltraScale. [/home/micron/StreamLoopback128/firmware/M510_KU060_StreamLoopback128/firmware/m510/src/M510_KU060_FFVA1156_E.xdc:119]
Resolution: Remove the LOC constraint and use the CLOCK_REGION constraint to assign a Global Clock Buffer to a CLOCK_REGION.
WARNING: [Constraints 18-4434] Global Clock Buffer 'PicoFramework/core/pcie3_ultrascale_0_i/inst/gt_top_i/phy_clk_i/bufg_gt_coreclk' is LOCed to site 'BUFG_GT_X1Y38'. Using a LOC constraint to assign the placement of a Global Clock Buffer can result in sub-optimal placement results in UltraScale. [/home/micron/StreamLoopback128/firmware/M510_KU060_StreamLoopback128/firmware/m510/src/M510_KU060_FFVA1156_E.xdc:120]
Resolution: Remove the LOC constraint and use the CLOCK_REGION constraint to assign a Global Clock Buffer to a CLOCK_REGION.
Finished Parsing XDC File [/home/micron/StreamLoopback128/software/.Xil/Vivado-28654-micron-ubuntu/dcp/Pico_Toplevel.xdc]
Reading XDEF placement.
Reading placer database...
Reading XDEF routing.
Read XDEF File: Time (s): cpu = 00:00:02 ; elapsed = 00:00:02 . Memory (MB): peak = 6548.344 ; gain = 9.672 ; free physical = 28736 ; free virtual = 38240
Restored from archive | CPU: 2.010000 secs | Memory: 16.024284 MB |
Finished XDEF File Restore: Time (s): cpu = 00:00:02 ; elapsed = 00:00:02 . Memory (MB): peak = 6548.344 ; gain = 9.672 ; free physical = 28736 ; free virtual = 38240
WARNING: [Constraints 18-4434] Global Clock Buffer 'PicoFramework/core/pcie3_ultrascale_0_i/inst/gt_top_i/phy_clk_i/bufg_gt_coreclk' is LOCed to site 'BUFG_GT_X1Y38'. Using a LOC constraint to assign the placement of a Global Clock Buffer can result in sub-optimal placement results in UltraScale.
Resolution: Remove the LOC constraint and use the CLOCK_REGION constraint to assign a Global Clock Buffer to a CLOCK_REGION.
WARNING: [Constraints 18-4434] Global Clock Buffer 'PicoFramework/core/pcie3_ultrascale_0_i/inst/gt_top_i/phy_clk_i/bufg_gt_pclk' is LOCed to site 'BUFG_GT_X1Y36'. Using a LOC constraint to assign the placement of a Global Clock Buffer can result in sub-optimal placement results in UltraScale.
Resolution: Remove the LOC constraint and use the CLOCK_REGION constraint to assign a Global Clock Buffer to a CLOCK_REGION.
WARNING: [Constraints 18-4434] Global Clock Buffer 'PicoFramework/core/pcie3_ultrascale_0_i/inst/gt_top_i/phy_clk_i/bufg_gt_userclk' is LOCed to site 'BUFG_GT_X1Y37'. Using a LOC constraint to assign the placement of a Global Clock Buffer can result in sub-optimal placement results in UltraScale.
Resolution: Remove the LOC constraint and use the CLOCK_REGION constraint to assign a Global Clock Buffer to a CLOCK_REGION.
INFO: [Project 1-111] Unisim Transformation Summary:
  A total of 56 instances were transformed.
  IBUFGDS => IBUFDS (DIFFINBUF, IBUFCTRL): 1 instances
  RAM32M16 => RAM32M16 (RAMS32, RAMS32, RAMD32, RAMD32, RAMD32, RAMD32, RAMD32, RAMD32, RAMD32, RAMD32, RAMD32, RAMD32, RAMD32, RAMD32, RAMD32, RAMD32): 43 instances
  RAM64M8 => RAM64M8 (RAMD64E, RAMD64E, RAMD64E, RAMD64E, RAMD64E, RAMD64E, RAMD64E, RAMD64E): 4 instances
  RAM64X1D => RAM64X1D (RAMD64E, RAMD64E): 8 instances

open_run: Time (s): cpu = 00:00:27 ; elapsed = 00:00:14 . Memory (MB): peak = 6919.090 ; gain = 884.879 ; free physical = 28413 ; free virtual = 37889
exit
INFO: [Common 17-206] Exiting Vivado at Thu Jul 28 16:54:10 2016...
