
** (zeitgeist-fts:2808): WARNING **: Unable to get info on application://nautilus-autostart.desktop
Activating service name='org.gnome.evince.Daemon'
Successfully activated service 'org.gnome.evince.Daemon'
RegisterDocument registered owner ':1.80' for URI 'file:///home/micron/Desktop/PicoGettingStarted.pdf'
Watch name':1.80' appeared with owner ':1.80'
RegisterDocument process pending invocations for URI file:///home/micron/Desktop/PicoGettingStarted.pdf
Activating service name='org.freedesktop.PackageKit'
INFO:Starting service
Successfully activated service 'org.freedesktop.PackageKit'
DEBUG:Checking for inactivity (30s)

** (zeitgeist-fts:2808): WARNING **: Unable to get info on application://nautilus-autostart.desktop
Activating service name='com.ubuntu.sso'
Successfully activated service 'com.ubuntu.sso'
Activating service name='org.freedesktop.Geoclue.Master'
Successfully activated service 'org.freedesktop.Geoclue.Master'
** Message: GSettings key 'gps-baudrate' initialised to '0'
** Message: GSettings key 'gps-device' initialised to '(null)'
Activating service name='org.freedesktop.Geoclue.Providers.UbuntuGeoIP'
Successfully activated service 'org.freedesktop.Geoclue.Providers.UbuntuGeoIP'
DEBUG:Checking for inactivity (60s)
DEBUG:Checking for inactivity (90s)
DEBUG:Checking for inactivity (120s)
DEBUG:Checking for inactivity (150s)
DEBUG:Checking for inactivity (180s)
INFO:Shutting down because of inactivity

** (zeitgeist-fts:2808): WARNING **: Unable to get info on application://nautilus-autostart.desktop
Activating service name='com.canonical.Unity.Scope.Home'
Successfully activated service 'com.canonical.Unity.Scope.Home'

(unity-scope-home:5022): unity-scope-home-WARNING **: platform-info.vala:112: Unable to read SIM properties: GDBus.Error:org.freedesktop.DBus.Error.ServiceUnknown: The name org.ofono was not provided by any .service files
Activating service name='com.canonical.Unity.Scope.Applications'
Activating service name='com.canonical.Unity.Scope.LocalFiles'
Activating service name='com.canonical.Unity.Scope.File.Gdrive'

(process:5037): unity-files-daemon-WARNING **: folder.vala:65: Failed to read favorites: Failed to open file '/home/micron/.gtk-bookmarks': No such file or directory
Successfully activated service 'com.canonical.Unity.Scope.LocalFiles'
Successfully activated service 'com.canonical.Unity.Scope.File.Gdrive'
Successfully activated service 'com.canonical.Unity.Scope.Applications'
Activating service name='com.canonical.Unity.Scope.Music'

(unity-scope-home:5022): Json-CRITICAL **: json_object_get_object_member: assertion 'node != NULL' failed

(unity-scope-home:5022): Json-CRITICAL **: json_object_get_object_member: assertion 'node != NULL' failed

(unity-scope-home:5022): Json-CRITICAL **: json_object_get_object_member: assertion 'node != NULL' failed

(unity-scope-home:5022): Json-CRITICAL **: json_object_get_object_member: assertion 'node != NULL' failed

(unity-scope-home:5022): Json-CRITICAL **: json_object_get_object_member: assertion 'node != NULL' failed

(unity-scope-home:5022): Json-CRITICAL **: json_object_get_object_member: assertion 'node != NULL' failed

(unity-scope-home:5022): Json-CRITICAL **: json_object_get_object_member: assertion 'node != NULL' failed

(unity-scope-home:5022): Json-CRITICAL **: json_object_get_object_member: assertion 'node != NULL' failed

(unity-scope-home:5022): Json-CRITICAL **: json_object_get_object_member: assertion 'node != NULL' failed

(unity-scope-home:5022): Json-CRITICAL **: json_object_get_object_member: assertion 'node != NULL' failed
Successfully activated service 'com.canonical.Unity.Scope.Music'

(unity-music-daemon:5082): unity-music-daemon-WARNING **: rhythmbox-collection.vala:510: Unable to open album-art DB!

(unity-music-daemon:5082): unity-music-daemon-WARNING **: rhythmbox-collection.vala:574: Error while parsing rhythmbox DB: Error opening file: No such file or directory

(unity-scope-home:5022): Json-CRITICAL **: json_object_get_object_member: assertion 'node != NULL' failed

(unity-scope-home:5022): Json-CRITICAL **: json_object_get_object_member: assertion 'node != NULL' failed

(unity-scope-home:5022): Json-CRITICAL **: json_object_get_object_member: assertion 'node != NULL' failed

(unity-scope-home:5022): Json-CRITICAL **: json_object_get_object_member: assertion 'node != NULL' failed

(unity-scope-home:5022): Json-CRITICAL **: json_object_get_object_member: assertion 'node != NULL' failed

(unity-scope-home:5022): Json-CRITICAL **: json_object_get_object_member: assertion 'node != NULL' failed

(unity-scope-home:5022): Json-CRITICAL **: json_object_get_object_member: assertion 'node != NULL' failed

(unity-scope-home:5022): Json-CRITICAL **: json_object_get_object_member: assertion 'node != NULL' failed

(unity-scope-home:5022): Json-CRITICAL **: json_object_get_object_member: assertion 'node != NULL' failed

(unity-scope-home:5022): Json-CRITICAL **: json_object_get_object_member: assertion 'node != NULL' failed

(unity-scope-home:5022): libunity-WARNING **: unity-aggregator-scope.vala:145: Error serializing GVariant with type string 'mv' to the D-Bus wire format

(unity-scope-home:5022): Json-CRITICAL **: json_object_get_object_member: assertion 'node != NULL' failed

(unity-scope-home:5022): Json-CRITICAL **: json_object_get_object_member: assertion 'node != NULL' failed

(unity-scope-home:5022): Json-CRITICAL **: json_object_get_object_member: assertion 'node != NULL' failed

(unity-scope-home:5022): Json-CRITICAL **: json_object_get_object_member: assertion 'node != NULL' failed

(unity-scope-home:5022): Json-CRITICAL **: json_object_get_object_member: assertion 'node != NULL' failed

(unity-scope-home:5022): Json-CRITICAL **: json_object_get_object_member: assertion 'node != NULL' failed

(unity-scope-home:5022): Json-CRITICAL **: json_object_get_object_member: assertion 'node != NULL' failed

(unity-scope-home:5022): Json-CRITICAL **: json_object_get_object_member: assertion 'node != NULL' failed

(unity-scope-home:5022): Json-CRITICAL **: json_object_get_object_member: assertion 'node != NULL' failed

(unity-scope-home:5022): Json-CRITICAL **: json_object_get_object_member: assertion 'node != NULL' failed

(unity-scope-home:5022): libunity-WARNING **: unity-aggregator-scope.vala:145: Error serializing GVariant with type string 'mv' to the D-Bus wire format

(unity-scope-home:5022): libunity-WARNING **: unity-aggregator-scope.vala:145: Error serializing GVariant with type string 'mv' to the D-Bus wire format
module-cache-reaper-Message: Reaping abandoned data directories
module-cache-reaper-Message: Reaping abandoned cache directories

** (zeitgeist-fts:2808): WARNING **: Unable to get info on application://nautilus-autostart.desktop

** (zeitgeist-fts:2808): WARNING **: Unable to get info on application://nautilus-autostart.desktop

** (zeitgeist-fts:2808): WARNING **: Unable to get info on application://nautilus-autostart.desktop

** (zeitgeist-fts:2808): WARNING **: Unable to get info on application://nautilus-autostart.desktop
UnregisterDocument URI 'file:///home/micron/Desktop/PicoGettingStarted.pdf'

** (ubuntu-geoip-provider:3333): WARNING **: SIGTERM recieved

(ubuntu-geoip-provider:3333): GLib-GObject-CRITICAL **: g_object_unref: assertion 'G_IS_OBJECT (object)' failed

(zeitgeist-fts:2808): GLib-GIO-WARNING **: Error releasing name org.gnome.zeitgeist.SimpleIndexer: The connection is closed

** (zeitgeist-fts:2808): WARNING **: zeitgeist-fts.vala:252: The connection is closed
