
(unity-panel-service:2252): Indicator-Appmenu-CRITICAL **: menus_destroyed: assertion 'wm != NULL' failed

(unity-panel-service:2252): Indicator-Appmenu-CRITICAL **: menus_destroyed: assertion 'wm != NULL' failed

(unity-panel-service:2252): Indicator-Appmenu-CRITICAL **: menus_destroyed: assertion 'wm != NULL' failed

(unity-panel-service:2252): Indicator-Appmenu-CRITICAL **: menus_destroyed: assertion 'wm != NULL' failed

(unity-panel-service:2252): Indicator-Appmenu-CRITICAL **: menus_destroyed: assertion 'wm != NULL' failed

(unity-panel-service:2252): Indicator-Appmenu-CRITICAL **: menus_destroyed: assertion 'wm != NULL' failed

(unity-panel-service:2252): Indicator-Appmenu-CRITICAL **: menus_destroyed: assertion 'wm != NULL' failed

(unity-panel-service:2252): Indicator-Appmenu-CRITICAL **: menus_destroyed: assertion 'wm != NULL' failed

(unity-panel-service:2252): Indicator-Appmenu-CRITICAL **: menus_destroyed: assertion 'wm != NULL' failed

(unity-panel-service:2252): Indicator-Appmenu-CRITICAL **: menus_destroyed: assertion 'wm != NULL' failed

(unity-panel-service:2252): Indicator-Appmenu-CRITICAL **: menus_destroyed: assertion 'wm != NULL' failed

(unity-panel-service:2252): Indicator-Appmenu-CRITICAL **: menus_destroyed: assertion 'wm != NULL' failed

(unity-panel-service:2252): Indicator-Appmenu-CRITICAL **: menus_destroyed: assertion 'wm != NULL' failed

(unity-panel-service:2252): Indicator-Appmenu-CRITICAL **: menus_destroyed: assertion 'wm != NULL' failed

(unity-panel-service:2252): Indicator-Appmenu-CRITICAL **: menus_destroyed: assertion 'wm != NULL' failed

(unity-panel-service:2252): Indicator-Appmenu-CRITICAL **: menus_destroyed: assertion 'wm != NULL' failed

(unity-panel-service:2252): Indicator-Appmenu-CRITICAL **: menus_destroyed: assertion 'wm != NULL' failed

(unity-panel-service:2252): Indicator-Appmenu-CRITICAL **: menus_destroyed: assertion 'wm != NULL' failed

(unity-panel-service:2252): Indicator-Appmenu-CRITICAL **: menus_destroyed: assertion 'wm != NULL' failed

(unity-panel-service:2252): Indicator-Appmenu-CRITICAL **: menus_destroyed: assertion 'wm != NULL' failed

(unity-panel-service:2252): Indicator-Appmenu-CRITICAL **: menus_destroyed: assertion 'wm != NULL' failed

(unity-panel-service:2252): Indicator-Appmenu-CRITICAL **: menus_destroyed: assertion 'wm != NULL' failed

(unity-panel-service:2252): Indicator-Appmenu-CRITICAL **: menus_destroyed: assertion 'wm != NULL' failed

(unity-panel-service:2252): Indicator-Appmenu-CRITICAL **: menus_destroyed: assertion 'wm != NULL' failed

(unity-panel-service:2252): Indicator-Appmenu-CRITICAL **: menus_destroyed: assertion 'wm != NULL' failed

(unity-panel-service:2252): Indicator-Appmenu-CRITICAL **: menus_destroyed: assertion 'wm != NULL' failed

(unity-panel-service:2252): Indicator-Appmenu-CRITICAL **: menus_destroyed: assertion 'wm != NULL' failed

(unity-panel-service:2252): Indicator-Appmenu-CRITICAL **: menus_destroyed: assertion 'wm != NULL' failed

(unity-panel-service:2252): Indicator-Appmenu-CRITICAL **: menus_destroyed: assertion 'wm != NULL' failed

(unity-panel-service:2252): Indicator-Appmenu-CRITICAL **: menus_destroyed: assertion 'wm != NULL' failed

(unity-panel-service:2252): Indicator-Appmenu-CRITICAL **: menus_destroyed: assertion 'wm != NULL' failed

(unity-panel-service:2252): Indicator-Appmenu-CRITICAL **: menus_destroyed: assertion 'wm != NULL' failed

(unity-panel-service:2252): Indicator-Appmenu-CRITICAL **: menus_destroyed: assertion 'wm != NULL' failed

(unity-panel-service:2252): Indicator-Appmenu-CRITICAL **: menus_destroyed: assertion 'wm != NULL' failed

(unity-panel-service:2252): Indicator-Appmenu-CRITICAL **: menus_destroyed: assertion 'wm != NULL' failed

(unity-panel-service:2252): Indicator-Appmenu-CRITICAL **: menus_destroyed: assertion 'wm != NULL' failed

(unity-panel-service:2252): Indicator-Appmenu-CRITICAL **: menus_destroyed: assertion 'wm != NULL' failed

(unity-panel-service:2252): Indicator-Appmenu-CRITICAL **: menus_destroyed: assertion 'wm != NULL' failed

(unity-panel-service:2252): Indicator-Appmenu-CRITICAL **: menus_destroyed: assertion 'wm != NULL' failed

(unity-panel-service:2252): Indicator-Appmenu-CRITICAL **: menus_destroyed: assertion 'wm != NULL' failed

(unity-panel-service:2252): Indicator-Appmenu-CRITICAL **: menus_destroyed: assertion 'wm != NULL' failed

** (unity-panel-service:2252): WARNING **: Failed to fetch xid: GDBus.Error:org.freedesktop.DBus.Error.UnknownMethod: No such interface 'org.ayatana.bamf.window' on object at path /org/ayatana/bamf/window/73400356

** (unity-panel-service:2252): WARNING **: Failed to fetch type: GDBus.Error:org.freedesktop.DBus.Error.UnknownMethod: No such interface 'org.ayatana.bamf.window' on object at path /org/ayatana/bamf/window/73400356

** (unity-panel-service:2252): WARNING **: Failed to fetch monitor: GDBus.Error:org.freedesktop.DBus.Error.UnknownMethod: No such interface 'org.ayatana.bamf.window' on object at path /org/ayatana/bamf/window/73400356

** (unity-panel-service:2252): WARNING **: Failed to fetch maximized state: GDBus.Error:org.freedesktop.DBus.Error.UnknownMethod: No such interface 'org.ayatana.bamf.window' on object at path /org/ayatana/bamf/window/73400356

** (unity-panel-service:2252): WARNING **: Failed to fetch xid: GDBus.Error:org.freedesktop.DBus.Error.UnknownMethod: No such interface 'org.ayatana.bamf.window' on object at path /org/ayatana/bamf/window/73400356

** (unity-panel-service:2252): WARNING **: Failed to fetch xid: GDBus.Error:org.freedesktop.DBus.Error.UnknownMethod: No such interface 'org.ayatana.bamf.window' on object at path /org/ayatana/bamf/window/73400356

** (unity-panel-service:2252): WARNING **: Failed to fetch type: GDBus.Error:org.freedesktop.DBus.Error.UnknownMethod: No such interface 'org.ayatana.bamf.window' on object at path /org/ayatana/bamf/window/73400356

** (unity-panel-service:2252): WARNING **: Unable to fetch children: GDBus.Error:org.freedesktop.DBus.Error.UnknownMethod: No such interface 'org.ayatana.bamf.view' on object at path /org/ayatana/bamf/application/0x22efd30


** (unity-panel-service:2252): WARNING **: Failed to fetch path: GDBus.Error:org.freedesktop.DBus.Error.UnknownMethod: No such interface 'org.ayatana.bamf.application' on object at path /org/ayatana/bamf/application/0x22efd30

(unity-panel-service:2252): Indicator-Appmenu-CRITICAL **: menus_destroyed: assertion 'wm != NULL' failed

(unity-panel-service:2252): Indicator-Appmenu-CRITICAL **: menus_destroyed: assertion 'wm != NULL' failed

(unity-panel-service:2252): Indicator-Appmenu-CRITICAL **: menus_destroyed: assertion 'wm != NULL' failed

(unity-panel-service:2252): Indicator-Appmenu-CRITICAL **: menus_destroyed: assertion 'wm != NULL' failed

(unity-panel-service:2252): Indicator-Appmenu-CRITICAL **: menus_destroyed: assertion 'wm != NULL' failed

** (unity-panel-service:2252): WARNING **: Failed to fetch xid: GDBus.Error:org.freedesktop.DBus.Error.UnknownMethod: No such interface 'org.ayatana.bamf.window' on object at path /org/ayatana/bamf/window/73401615

** (unity-panel-service:2252): WARNING **: Failed to fetch type: GDBus.Error:org.freedesktop.DBus.Error.UnknownMethod: No such interface 'org.ayatana.bamf.window' on object at path /org/ayatana/bamf/window/73401615

** (unity-panel-service:2252): WARNING **: Failed to fetch monitor: GDBus.Error:org.freedesktop.DBus.Error.UnknownMethod: No such interface 'org.ayatana.bamf.window' on object at path /org/ayatana/bamf/window/73401615

** (unity-panel-service:2252): WARNING **: Failed to fetch maximized state: GDBus.Error:org.freedesktop.DBus.Error.UnknownMethod: No such interface 'org.ayatana.bamf.window' on object at path /org/ayatana/bamf/window/73401615

** (unity-panel-service:2252): WARNING **: Failed to fetch xid: GDBus.Error:org.freedesktop.DBus.Error.UnknownMethod: No such interface 'org.ayatana.bamf.window' on object at path /org/ayatana/bamf/window/73401615

** (unity-panel-service:2252): WARNING **: Failed to fetch xid: GDBus.Error:org.freedesktop.DBus.Error.UnknownMethod: No such interface 'org.ayatana.bamf.window' on object at path /org/ayatana/bamf/window/73401615

** (unity-panel-service:2252): WARNING **: Failed to fetch type: GDBus.Error:org.freedesktop.DBus.Error.UnknownMethod: No such interface 'org.ayatana.bamf.window' on object at path /org/ayatana/bamf/window/73401615

** (unity-panel-service:2252): WARNING **: Unable to fetch children: GDBus.Error:org.freedesktop.DBus.Error.UnknownMethod: No such interface 'org.ayatana.bamf.view' on object at path /org/ayatana/bamf/application/0x22efb70


** (unity-panel-service:2252): WARNING **: Failed to fetch path: GDBus.Error:org.freedesktop.DBus.Error.UnknownMethod: No such interface 'org.ayatana.bamf.application' on object at path /org/ayatana/bamf/application/0x22efb70

(unity-panel-service:2252): Indicator-Appmenu-CRITICAL **: menus_destroyed: assertion 'wm != NULL' failed

(unity-panel-service:2252): Indicator-Appmenu-WARNING **: gdk_xid_get_mwm_hints: Unable to get hints for 73401653: Error Code: 3

(unity-panel-service:2252): Indicator-Appmenu-CRITICAL **: menus_destroyed: assertion 'wm != NULL' failed

(unity-panel-service:2252): GLib-GObject-WARNING **: g_object_weak_unref: couldn't find weak ref 0x7fe33618e5f0(0x17c71d0)

(unity-panel-service:2252): Indicator-Appmenu-CRITICAL **: menus_destroyed: assertion 'wm != NULL' failed

(unity-panel-service:2252): Indicator-Appmenu-CRITICAL **: menus_destroyed: assertion 'wm != NULL' failed

(unity-panel-service:2252): Indicator-Appmenu-CRITICAL **: menus_destroyed: assertion 'wm != NULL' failed

(unity-panel-service:2252): Indicator-Appmenu-CRITICAL **: menus_destroyed: assertion 'wm != NULL' failed

(unity-panel-service:2252): Indicator-Appmenu-CRITICAL **: menus_destroyed: assertion 'wm != NULL' failed

(unity-panel-service:2252): Indicator-Appmenu-CRITICAL **: menus_destroyed: assertion 'wm != NULL' failed

(unity-panel-service:2252): Indicator-Appmenu-CRITICAL **: menus_destroyed: assertion 'wm != NULL' failed

(unity-panel-service:2252): Indicator-Appmenu-CRITICAL **: menus_destroyed: assertion 'wm != NULL' failed

(unity-panel-service:2252): Indicator-Appmenu-CRITICAL **: menus_destroyed: assertion 'wm != NULL' failed

(unity-panel-service:2252): Indicator-Appmenu-CRITICAL **: menus_destroyed: assertion 'wm != NULL' failed

(unity-panel-service:2252): Indicator-Appmenu-CRITICAL **: menus_destroyed: assertion 'wm != NULL' failed

(unity-panel-service:2252): Indicator-Appmenu-CRITICAL **: menus_destroyed: assertion 'wm != NULL' failed

(unity-panel-service:2252): Indicator-Appmenu-CRITICAL **: menus_destroyed: assertion 'wm != NULL' failed

(unity-panel-service:2252): GLib-GObject-WARNING **: g_object_weak_unref: couldn't find weak ref 0x7fe33618e5f0(0x17c71d0)

(unity-panel-service:2252): Indicator-Appmenu-CRITICAL **: menus_destroyed: assertion 'wm != NULL' failed

** (unity-panel-service:2252): WARNING **: Failed to fetch xid: GDBus.Error:org.freedesktop.DBus.Error.UnknownMethod: No such interface 'org.ayatana.bamf.window' on object at path /org/ayatana/bamf/window/73400356

** (unity-panel-service:2252): WARNING **: Failed to fetch type: GDBus.Error:org.freedesktop.DBus.Error.UnknownMethod: No such interface 'org.ayatana.bamf.window' on object at path /org/ayatana/bamf/window/73400356

** (unity-panel-service:2252): WARNING **: Failed to fetch monitor: GDBus.Error:org.freedesktop.DBus.Error.UnknownMethod: No such interface 'org.ayatana.bamf.window' on object at path /org/ayatana/bamf/window/73400356

** (unity-panel-service:2252): WARNING **: Failed to fetch maximized state: GDBus.Error:org.freedesktop.DBus.Error.UnknownMethod: No such interface 'org.ayatana.bamf.window' on object at path /org/ayatana/bamf/window/73400356

** (unity-panel-service:2252): WARNING **: Failed to fetch xid: GDBus.Error:org.freedesktop.DBus.Error.UnknownMethod: No such interface 'org.ayatana.bamf.window' on object at path /org/ayatana/bamf/window/73400356

** (unity-panel-service:2252): WARNING **: Failed to fetch xid: GDBus.Error:org.freedesktop.DBus.Error.UnknownMethod: No such interface 'org.ayatana.bamf.window' on object at path /org/ayatana/bamf/window/73400356

** (unity-panel-service:2252): WARNING **: Failed to fetch type: GDBus.Error:org.freedesktop.DBus.Error.UnknownMethod: No such interface 'org.ayatana.bamf.window' on object at path /org/ayatana/bamf/window/73400356

** (unity-panel-service:2252): WARNING **: Unable to fetch children: GDBus.Error:org.freedesktop.DBus.Error.UnknownMethod: No such interface 'org.ayatana.bamf.view' on object at path /org/ayatana/bamf/application/0x20f0770


** (unity-panel-service:2252): WARNING **: Failed to fetch path: GDBus.Error:org.freedesktop.DBus.Error.UnknownMethod: No such interface 'org.ayatana.bamf.application' on object at path /org/ayatana/bamf/application/0x20f0770

(unity-panel-service:2252): Indicator-Appmenu-CRITICAL **: menus_destroyed: assertion 'wm != NULL' failed

(unity-panel-service:2252): Indicator-Appmenu-CRITICAL **: menus_destroyed: assertion 'wm != NULL' failed

(unity-panel-service:2252): Indicator-Appmenu-CRITICAL **: menus_destroyed: assertion 'wm != NULL' failed

(unity-panel-service:2252): Indicator-Appmenu-CRITICAL **: menus_destroyed: assertion 'wm != NULL' failed

(unity-panel-service:2252): Indicator-Appmenu-CRITICAL **: menus_destroyed: assertion 'wm != NULL' failed

(unity-panel-service:2252): Indicator-Appmenu-CRITICAL **: menus_destroyed: assertion 'wm != NULL' failed

(unity-panel-service:2252): Indicator-Appmenu-CRITICAL **: menus_destroyed: assertion 'wm != NULL' failed

(unity-panel-service:2252): Indicator-Appmenu-CRITICAL **: menus_destroyed: assertion 'wm != NULL' failed

(unity-panel-service:2252): Indicator-Appmenu-CRITICAL **: menus_destroyed: assertion 'wm != NULL' failed

(unity-panel-service:2252): Indicator-Appmenu-CRITICAL **: menus_destroyed: assertion 'wm != NULL' failed

(unity-panel-service:2252): Indicator-Appmenu-CRITICAL **: menus_destroyed: assertion 'wm != NULL' failed

(unity-panel-service:2252): Indicator-Appmenu-CRITICAL **: menus_destroyed: assertion 'wm != NULL' failed

** (unity-panel-service:2252): WARNING **: Failed to fetch xid: GDBus.Error:org.freedesktop.DBus.Error.UnknownMethod: No such interface 'org.ayatana.bamf.window' on object at path /org/ayatana/bamf/window/73401588

** (unity-panel-service:2252): WARNING **: Failed to fetch type: GDBus.Error:org.freedesktop.DBus.Error.UnknownMethod: No such interface 'org.ayatana.bamf.window' on object at path /org/ayatana/bamf/window/73401588

** (unity-panel-service:2252): WARNING **: Failed to fetch monitor: GDBus.Error:org.freedesktop.DBus.Error.UnknownMethod: No such interface 'org.ayatana.bamf.window' on object at path /org/ayatana/bamf/window/73401588

** (unity-panel-service:2252): WARNING **: Failed to fetch maximized state: GDBus.Error:org.freedesktop.DBus.Error.UnknownMethod: No such interface 'org.ayatana.bamf.window' on object at path /org/ayatana/bamf/window/73401588

** (unity-panel-service:2252): WARNING **: Failed to fetch xid: GDBus.Error:org.freedesktop.DBus.Error.UnknownMethod: No such interface 'org.ayatana.bamf.window' on object at path /org/ayatana/bamf/window/73401588

** (unity-panel-service:2252): WARNING **: Failed to fetch xid: GDBus.Error:org.freedesktop.DBus.Error.UnknownMethod: No such interface 'org.ayatana.bamf.window' on object at path /org/ayatana/bamf/window/73401588

** (unity-panel-service:2252): WARNING **: Failed to fetch type: GDBus.Error:org.freedesktop.DBus.Error.UnknownMethod: No such interface 'org.ayatana.bamf.window' on object at path /org/ayatana/bamf/window/73401588

** (unity-panel-service:2252): WARNING **: Failed to fetch xid: GDBus.Error:org.freedesktop.DBus.Error.UnknownMethod: No such interface 'org.ayatana.bamf.window' on object at path /org/ayatana/bamf/window/73401588

** (unity-panel-service:2252): WARNING **: Failed to fetch type: GDBus.Error:org.freedesktop.DBus.Error.UnknownMethod: No such interface 'org.ayatana.bamf.window' on object at path /org/ayatana/bamf/window/73401588

** (unity-panel-service:2252): WARNING **: Failed to fetch xid: GDBus.Error:org.freedesktop.DBus.Error.UnknownMethod: No such interface 'org.ayatana.bamf.window' on object at path /org/ayatana/bamf/window/73401588

** (unity-panel-service:2252): WARNING **: Failed to fetch property `_GTK_UNIQUE_BUS_NAME': GDBus.Error:org.freedesktop.DBus.Error.UnknownMethod: No such interface 'org.ayatana.bamf.window' on object at path /org/ayatana/bamf/window/73401588

** (unity-panel-service:2252): WARNING **: Failed to fetch path: GDBus.Error:org.freedesktop.DBus.Error.UnknownMethod: No such interface 'org.ayatana.bamf.window' on object at path /org/ayatana/bamf/window/73401588

** (unity-panel-service:2252): WARNING **: Failed to fetch xid: GDBus.Error:org.freedesktop.DBus.Error.UnknownMethod: No such interface 'org.ayatana.bamf.window' on object at path /org/ayatana/bamf/window/73401588

** (unity-panel-service:2252): WARNING **: Failed to fetch xid: GDBus.Error:org.freedesktop.DBus.Error.UnknownMethod: No such interface 'org.ayatana.bamf.window' on object at path /org/ayatana/bamf/window/73401588

(unity-panel-service:2252): Indicator-Appmenu-CRITICAL **: menus_destroyed: assertion 'wm != NULL' failed

(unity-panel-service:2252): GLib-GObject-WARNING **: g_object_weak_unref: couldn't find weak ref 0x7fe33618e5f0(0x17c71d0)

(unity-panel-service:2252): Indicator-Appmenu-CRITICAL **: menus_destroyed: assertion 'wm != NULL' failed

(unity-panel-service:2252): Indicator-Appmenu-CRITICAL **: menus_destroyed: assertion 'wm != NULL' failed

(unity-panel-service:2252): Indicator-Appmenu-CRITICAL **: menus_destroyed: assertion 'wm != NULL' failed

(unity-panel-service:2252): Indicator-Appmenu-CRITICAL **: menus_destroyed: assertion 'wm != NULL' failed

(unity-panel-service:2252): Indicator-Appmenu-CRITICAL **: menus_destroyed: assertion 'wm != NULL' failed

(unity-panel-service:2252): Indicator-Appmenu-CRITICAL **: menus_destroyed: assertion 'wm != NULL' failed

(unity-panel-service:2252): GLib-GObject-WARNING **: g_object_weak_unref: couldn't find weak ref 0x7fe33618e5f0(0x17c71d0)

(unity-panel-service:2252): Indicator-Appmenu-CRITICAL **: menus_destroyed: assertion 'wm != NULL' failed

** (unity-panel-service:2252): WARNING **: Failed to fetch xid: GDBus.Error:org.freedesktop.DBus.Error.UnknownMethod: No such interface 'org.ayatana.bamf.window' on object at path /org/ayatana/bamf/window/73400356

** (unity-panel-service:2252): WARNING **: Failed to fetch type: GDBus.Error:org.freedesktop.DBus.Error.UnknownMethod: No such interface 'org.ayatana.bamf.window' on object at path /org/ayatana/bamf/window/73400356

** (unity-panel-service:2252): WARNING **: Failed to fetch monitor: GDBus.Error:org.freedesktop.DBus.Error.UnknownMethod: No such interface 'org.ayatana.bamf.window' on object at path /org/ayatana/bamf/window/73400356

** (unity-panel-service:2252): WARNING **: Failed to fetch maximized state: GDBus.Error:org.freedesktop.DBus.Error.UnknownMethod: No such interface 'org.ayatana.bamf.window' on object at path /org/ayatana/bamf/window/73400356

** (unity-panel-service:2252): WARNING **: Failed to fetch xid: GDBus.Error:org.freedesktop.DBus.Error.UnknownMethod: No such interface 'org.ayatana.bamf.window' on object at path /org/ayatana/bamf/window/73400356

** (unity-panel-service:2252): WARNING **: Failed to fetch xid: GDBus.Error:org.freedesktop.DBus.Error.UnknownMethod: No such interface 'org.ayatana.bamf.window' on object at path /org/ayatana/bamf/window/73400356

** (unity-panel-service:2252): WARNING **: Failed to fetch type: GDBus.Error:org.freedesktop.DBus.Error.UnknownMethod: No such interface 'org.ayatana.bamf.window' on object at path /org/ayatana/bamf/window/73400356

** (unity-panel-service:2252): WARNING **: Unable to fetch children: GDBus.Error:org.freedesktop.DBus.Error.UnknownMethod: No such interface 'org.ayatana.bamf.view' on object at path /org/ayatana/bamf/application/0x22efa90


** (unity-panel-service:2252): WARNING **: Failed to fetch path: GDBus.Error:org.freedesktop.DBus.Error.UnknownMethod: No such interface 'org.ayatana.bamf.application' on object at path /org/ayatana/bamf/application/0x22efa90

(unity-panel-service:2252): Indicator-Appmenu-CRITICAL **: menus_destroyed: assertion 'wm != NULL' failed

(unity-panel-service:2252): Indicator-Appmenu-CRITICAL **: menus_destroyed: assertion 'wm != NULL' failed

(unity-panel-service:2252): Indicator-Appmenu-CRITICAL **: menus_destroyed: assertion 'wm != NULL' failed

(unity-panel-service:2252): Indicator-Appmenu-CRITICAL **: menus_destroyed: assertion 'wm != NULL' failed

(unity-panel-service:2252): Indicator-Appmenu-CRITICAL **: menus_destroyed: assertion 'wm != NULL' failed

(unity-panel-service:2252): Indicator-Appmenu-CRITICAL **: menus_destroyed: assertion 'wm != NULL' failed

(unity-panel-service:2252): Indicator-Appmenu-CRITICAL **: menus_destroyed: assertion 'wm != NULL' failed

(unity-panel-service:2252): Indicator-Appmenu-CRITICAL **: menus_destroyed: assertion 'wm != NULL' failed

(unity-panel-service:2252): Indicator-Appmenu-CRITICAL **: menus_destroyed: assertion 'wm != NULL' failed

(unity-panel-service:2252): Indicator-Appmenu-CRITICAL **: menus_destroyed: assertion 'wm != NULL' failed

(unity-panel-service:2252): Indicator-Appmenu-CRITICAL **: menus_destroyed: assertion 'wm != NULL' failed

(unity-panel-service:2252): Indicator-Appmenu-CRITICAL **: menus_destroyed: assertion 'wm != NULL' failed

(unity-panel-service:2252): Indicator-Appmenu-CRITICAL **: menus_destroyed: assertion 'wm != NULL' failed

(unity-panel-service:2252): Indicator-Appmenu-CRITICAL **: menus_destroyed: assertion 'wm != NULL' failed

(unity-panel-service:2252): Indicator-Appmenu-CRITICAL **: menus_destroyed: assertion 'wm != NULL' failed

(unity-panel-service:2252): Indicator-Appmenu-CRITICAL **: menus_destroyed: assertion 'wm != NULL' failed

(unity-panel-service:2252): Indicator-Appmenu-CRITICAL **: menus_destroyed: assertion 'wm != NULL' failed

(unity-panel-service:2252): Indicator-Appmenu-CRITICAL **: menus_destroyed: assertion 'wm != NULL' failed

(unity-panel-service:2252): Indicator-Appmenu-CRITICAL **: menus_destroyed: assertion 'wm != NULL' failed

(unity-panel-service:2252): Indicator-Appmenu-CRITICAL **: menus_destroyed: assertion 'wm != NULL' failed

(unity-panel-service:2252): Indicator-Appmenu-CRITICAL **: menus_destroyed: assertion 'wm != NULL' failed

(unity-panel-service:2252): Indicator-Appmenu-CRITICAL **: menus_destroyed: assertion 'wm != NULL' failed

(unity-panel-service:2252): Indicator-Appmenu-CRITICAL **: menus_destroyed: assertion 'wm != NULL' failed

(unity-panel-service:2252): Indicator-Appmenu-CRITICAL **: menus_destroyed: assertion 'wm != NULL' failed

(unity-panel-service:2252): Indicator-Appmenu-CRITICAL **: menus_destroyed: assertion 'wm != NULL' failed

(unity-panel-service:2252): Indicator-Appmenu-CRITICAL **: menus_destroyed: assertion 'wm != NULL' failed

(unity-panel-service:2252): Indicator-Appmenu-CRITICAL **: menus_destroyed: assertion 'wm != NULL' failed

(unity-panel-service:2252): Indicator-Appmenu-CRITICAL **: menus_destroyed: assertion 'wm != NULL' failed

(unity-panel-service:2252): Indicator-Appmenu-CRITICAL **: menus_destroyed: assertion 'wm != NULL' failed

(unity-panel-service:2252): Indicator-Appmenu-CRITICAL **: menus_destroyed: assertion 'wm != NULL' failed

(unity-panel-service:2252): Indicator-Appmenu-CRITICAL **: menus_destroyed: assertion 'wm != NULL' failed

(unity-panel-service:2252): Indicator-Appmenu-CRITICAL **: menus_destroyed: assertion 'wm != NULL' failed

(unity-panel-service:2252): Indicator-Appmenu-CRITICAL **: menus_destroyed: assertion 'wm != NULL' failed

(unity-panel-service:2252): Indicator-Appmenu-CRITICAL **: menus_destroyed: assertion 'wm != NULL' failed

(unity-panel-service:2252): Indicator-Appmenu-CRITICAL **: menus_destroyed: assertion 'wm != NULL' failed

(unity-panel-service:2252): Indicator-Appmenu-CRITICAL **: menus_destroyed: assertion 'wm != NULL' failed

(unity-panel-service:2252): Indicator-Appmenu-CRITICAL **: menus_destroyed: assertion 'wm != NULL' failed

(unity-panel-service:2252): Indicator-Appmenu-CRITICAL **: menus_destroyed: assertion 'wm != NULL' failed

(unity-panel-service:2252): Indicator-Appmenu-CRITICAL **: menus_destroyed: assertion 'wm != NULL' failed

(unity-panel-service:2252): GLib-GObject-WARNING **: g_object_weak_unref: couldn't find weak ref 0x7fe33618e5f0(0x17c71d0)

** (unity-panel-service:2252): WARNING **: Failed to fetch xid: GDBus.Error:org.freedesktop.DBus.Error.UnknownMethod: No such interface 'org.ayatana.bamf.window' on object at path /org/ayatana/bamf/window/65011748

** (unity-panel-service:2252): WARNING **: Failed to fetch type: GDBus.Error:org.freedesktop.DBus.Error.UnknownMethod: No such interface 'org.ayatana.bamf.window' on object at path /org/ayatana/bamf/window/65011748

** (unity-panel-service:2252): WARNING **: Failed to fetch monitor: GDBus.Error:org.freedesktop.DBus.Error.UnknownMethod: No such interface 'org.ayatana.bamf.window' on object at path /org/ayatana/bamf/window/65011748

** (unity-panel-service:2252): WARNING **: Failed to fetch maximized state: GDBus.Error:org.freedesktop.DBus.Error.UnknownMethod: No such interface 'org.ayatana.bamf.window' on object at path /org/ayatana/bamf/window/65011748

** (unity-panel-service:2252): WARNING **: Failed to fetch xid: GDBus.Error:org.freedesktop.DBus.Error.UnknownMethod: No such interface 'org.ayatana.bamf.window' on object at path /org/ayatana/bamf/window/65011748

** (unity-panel-service:2252): WARNING **: Failed to fetch xid: GDBus.Error:org.freedesktop.DBus.Error.UnknownMethod: No such interface 'org.ayatana.bamf.window' on object at path /org/ayatana/bamf/window/65011748

** (unity-panel-service:2252): WARNING **: Failed to fetch type: GDBus.Error:org.freedesktop.DBus.Error.UnknownMethod: No such interface 'org.ayatana.bamf.window' on object at path /org/ayatana/bamf/window/65011748

** (unity-panel-service:2252): WARNING **: Unable to fetch children: GDBus.Error:org.freedesktop.DBus.Error.UnknownMethod: No such interface 'org.ayatana.bamf.view' on object at path /org/ayatana/bamf/application/0x22efd30


** (unity-panel-service:2252): WARNING **: Failed to fetch path: GDBus.Error:org.freedesktop.DBus.Error.UnknownMethod: No such interface 'org.ayatana.bamf.application' on object at path /org/ayatana/bamf/application/0x22efd30

(unity-panel-service:2252): Indicator-Appmenu-CRITICAL **: menus_destroyed: assertion 'wm != NULL' failed

(unity-panel-service:2252): Indicator-Appmenu-CRITICAL **: menus_destroyed: assertion 'wm != NULL' failed

(unity-panel-service:2252): Indicator-Appmenu-CRITICAL **: menus_destroyed: assertion 'wm != NULL' failed

(unity-panel-service:2252): Indicator-Appmenu-CRITICAL **: menus_destroyed: assertion 'wm != NULL' failed

(unity-panel-service:2252): Indicator-Appmenu-CRITICAL **: menus_destroyed: assertion 'wm != NULL' failed

(unity-panel-service:2252): Indicator-Appmenu-CRITICAL **: menus_destroyed: assertion 'wm != NULL' failed

(unity-panel-service:2252): Indicator-Appmenu-CRITICAL **: menus_destroyed: assertion 'wm != NULL' failed

(unity-panel-service:2252): Indicator-Appmenu-CRITICAL **: menus_destroyed: assertion 'wm != NULL' failed

(unity-panel-service:2252): Indicator-Appmenu-CRITICAL **: menus_destroyed: assertion 'wm != NULL' failed

(unity-panel-service:2252): Indicator-Appmenu-CRITICAL **: menus_destroyed: assertion 'wm != NULL' failed

(unity-panel-service:2252): Indicator-Appmenu-CRITICAL **: menus_destroyed: assertion 'wm != NULL' failed

(unity-panel-service:2252): Indicator-Appmenu-CRITICAL **: menus_destroyed: assertion 'wm != NULL' failed

(unity-panel-service:2252): Indicator-Appmenu-CRITICAL **: menus_destroyed: assertion 'wm != NULL' failed

(unity-panel-service:2252): Indicator-Appmenu-CRITICAL **: menus_destroyed: assertion 'wm != NULL' failed

(unity-panel-service:2252): Indicator-Appmenu-CRITICAL **: menus_destroyed: assertion 'wm != NULL' failed

(unity-panel-service:2252): Indicator-Appmenu-CRITICAL **: menus_destroyed: assertion 'wm != NULL' failed

(unity-panel-service:2252): Indicator-Appmenu-CRITICAL **: menus_destroyed: assertion 'wm != NULL' failed

(unity-panel-service:2252): Indicator-Appmenu-CRITICAL **: menus_destroyed: assertion 'wm != NULL' failed

(unity-panel-service:2252): Indicator-Appmenu-CRITICAL **: menus_destroyed: assertion 'wm != NULL' failed

(unity-panel-service:2252): Indicator-Appmenu-CRITICAL **: menus_destroyed: assertion 'wm != NULL' failed

(unity-panel-service:2252): Indicator-Appmenu-CRITICAL **: menus_destroyed: assertion 'wm != NULL' failed

(unity-panel-service:2252): Indicator-Appmenu-CRITICAL **: menus_destroyed: assertion 'wm != NULL' failed

(unity-panel-service:2252): Indicator-Appmenu-CRITICAL **: menus_destroyed: assertion 'wm != NULL' failed

(unity-panel-service:2252): Indicator-Appmenu-CRITICAL **: menus_destroyed: assertion 'wm != NULL' failed

(unity-panel-service:2252): Indicator-Appmenu-CRITICAL **: menus_destroyed: assertion 'wm != NULL' failed

(unity-panel-service:2252): Indicator-Appmenu-CRITICAL **: menus_destroyed: assertion 'wm != NULL' failed

(unity-panel-service:2252): Indicator-Appmenu-CRITICAL **: menus_destroyed: assertion 'wm != NULL' failed

(unity-panel-service:2252): Indicator-Appmenu-CRITICAL **: menus_destroyed: assertion 'wm != NULL' failed

(unity-panel-service:2252): Indicator-Appmenu-CRITICAL **: menus_destroyed: assertion 'wm != NULL' failed

(unity-panel-service:2252): Indicator-Appmenu-CRITICAL **: menus_destroyed: assertion 'wm != NULL' failed

(unity-panel-service:2252): Indicator-Appmenu-CRITICAL **: menus_destroyed: assertion 'wm != NULL' failed

(unity-panel-service:2252): Indicator-Appmenu-CRITICAL **: menus_destroyed: assertion 'wm != NULL' failed

(unity-panel-service:2252): Indicator-Appmenu-CRITICAL **: menus_destroyed: assertion 'wm != NULL' failed

(unity-panel-service:2252): Indicator-Appmenu-CRITICAL **: menus_destroyed: assertion 'wm != NULL' failed

(unity-panel-service:2252): Indicator-Appmenu-CRITICAL **: menus_destroyed: assertion 'wm != NULL' failed

(unity-panel-service:2252): Indicator-Appmenu-CRITICAL **: menus_destroyed: assertion 'wm != NULL' failed

(unity-panel-service:2252): Indicator-Appmenu-CRITICAL **: menus_destroyed: assertion 'wm != NULL' failed

(unity-panel-service:2252): Indicator-Appmenu-CRITICAL **: menus_destroyed: assertion 'wm != NULL' failed

(unity-panel-service:2252): Indicator-Appmenu-CRITICAL **: menus_destroyed: assertion 'wm != NULL' failed

(unity-panel-service:2252): Indicator-Appmenu-CRITICAL **: menus_destroyed: assertion 'wm != NULL' failed

(unity-panel-service:2252): Indicator-Appmenu-CRITICAL **: menus_destroyed: assertion 'wm != NULL' failed

(unity-panel-service:2252): Indicator-Appmenu-CRITICAL **: menus_destroyed: assertion 'wm != NULL' failed

(unity-panel-service:2252): Indicator-Appmenu-CRITICAL **: menus_destroyed: assertion 'wm != NULL' failed

(unity-panel-service:2252): Indicator-Appmenu-CRITICAL **: menus_destroyed: assertion 'wm != NULL' failed

(unity-panel-service:2252): Indicator-Appmenu-CRITICAL **: menus_destroyed: assertion 'wm != NULL' failed

(unity-panel-service:2252): Indicator-Appmenu-CRITICAL **: menus_destroyed: assertion 'wm != NULL' failed

(unity-panel-service:2252): Indicator-Appmenu-CRITICAL **: menus_destroyed: assertion 'wm != NULL' failed

(unity-panel-service:2252): Indicator-Appmenu-CRITICAL **: menus_destroyed: assertion 'wm != NULL' failed

(unity-panel-service:2252): Indicator-Appmenu-CRITICAL **: menus_destroyed: assertion 'wm != NULL' failed

(unity-panel-service:2252): GLib-GObject-WARNING **: g_object_weak_unref: couldn't find weak ref 0x7fe33618e5f0(0x17c71d0)
g_dbus_connection_real_closed: Remote peer vanished with error: Error sending message: Broken pipe (g-io-error-quark, 44). Exiting.

** (unity-panel-service:2252): WARNING **: Unable to emit ReSync signal: The connection is closed

(unity-panel-service:2252): Indicator-Appmenu-CRITICAL **: OMG! Unable to get a connection to DBus
