#-----------------------------------------------------------
# Vivado v2016.2 (64-bit)
# SW Build 1577090 on Thu Jun  2 16:32:35 MDT 2016
# IP Build 1577682 on Fri Jun  3 12:00:54 MDT 2016
# Start of session at: Mon Aug  1 14:13:36 2016
# Process ID: 4862
# Current directory: /home/micron
# Command line: vivado
# Log file: /home/micron/vivado.log
# Journal file: /home/micron/vivado.jou
#-----------------------------------------------------------
start_gui
open_project /home/micron/StreamLoopback128/firmware/M510_KU060_StreamLoopback128/M510_KU060_StreamLoopback128.xpr
Scanning sources...
Finished scanning sources
INFO: [IP_Flow 19-234] Refreshing IP repositories
INFO: [IP_Flow 19-1704] No user IP repositories specified
INFO: [IP_Flow 19-2313] Loaded Vivado IP repository '/opt/Xilinx/Vivado/2016.2/data/ip'.
open_project: Time (s): cpu = 00:00:15 ; elapsed = 00:00:05 . Memory (MB): peak = 5975.555 ; gain = 200.230 ; free physical = 29257 ; free virtual = 38803
update_compile_order -fileset sources_1
exit
INFO: [Common 17-206] Exiting Vivado at Mon Aug  1 14:15:57 2016...
