#-----------------------------------------------------------
# Vivado v2016.2 (64-bit)
# SW Build 1577090 on Thu Jun  2 16:32:35 MDT 2016
# IP Build 1577682 on Fri Jun  3 12:00:54 MDT 2016
# Start of session at: Fri Aug 19 18:28:54 2016
# Process ID: 5847
# Current directory: /home/micron/OriginalStreamLoopback128
# Command line: vivado
# Log file: /home/micron/OriginalStreamLoopback128/vivado.log
# Journal file: /home/micron/OriginalStreamLoopback128/vivado.jou
#-----------------------------------------------------------
start_gui
open_project /home/micron/OriginalStreamLoopback128/firmware/M510_KU060_StreamLoopback128/M510_KU060_StreamLoopback128.xpr
Scanning sources...
Finished scanning sources
INFO: [IP_Flow 19-234] Refreshing IP repositories
INFO: [IP_Flow 19-1704] No user IP repositories specified
INFO: [IP_Flow 19-2313] Loaded Vivado IP repository '/opt/Xilinx/Vivado/2016.2/data/ip'.
open_project: Time (s): cpu = 00:00:14 ; elapsed = 00:00:06 . Memory (MB): peak = 5968.719 ; gain = 204.449 ; free physical = 26815 ; free virtual = 36264
update_compile_order -fileset sources_1
launch_runs impl_1 -to_step write_bitstream -jobs 6
[Fri Aug 19 18:29:39 2016] Launched impl_1...
Run output will be captured here: /home/micron/OriginalStreamLoopback128/firmware/M510_KU060_StreamLoopback128/M510_KU060_StreamLoopback128.runs/impl_1/runme.log
exit
INFO: [Common 17-206] Exiting Vivado at Fri Aug 19 18:37:38 2016...
