#-----------------------------------------------------------
# Vivado v2016.2 (64-bit)
# SW Build 1577090 on Thu Jun  2 16:32:35 MDT 2016
# IP Build 1577682 on Fri Jun  3 12:00:54 MDT 2016
# Start of session at: Wed Aug 24 20:40:44 2016
# Process ID: 7941
# Current directory: /home/micron/OriginalStreamLoopback128
# Command line: vivado
# Log file: /home/micron/OriginalStreamLoopback128/vivado.log
# Journal file: /home/micron/OriginalStreamLoopback128/vivado.jou
#-----------------------------------------------------------
start_gui
open_project /home/micron/OriginalStreamLoopback128/firmware/M510_KU060_StreamLoopback128/M510_KU060_StreamLoopback128.xpr
Scanning sources...
Finished scanning sources
INFO: [IP_Flow 19-234] Refreshing IP repositories
INFO: [IP_Flow 19-1704] No user IP repositories specified
INFO: [IP_Flow 19-2313] Loaded Vivado IP repository '/opt/Xilinx/Vivado/2016.2/data/ip'.
update_compile_order -fileset sources_1
reset_run synth_1
launch_runs impl_1 -to_step write_bitstream -jobs 6
[Wed Aug 24 20:44:29 2016] Launched synth_1...
Run output will be captured here: /home/micron/OriginalStreamLoopback128/firmware/M510_KU060_StreamLoopback128/M510_KU060_StreamLoopback128.runs/synth_1/runme.log
[Wed Aug 24 20:44:29 2016] Launched impl_1...
Run output will be captured here: /home/micron/OriginalStreamLoopback128/firmware/M510_KU060_StreamLoopback128/M510_KU060_StreamLoopback128.runs/impl_1/runme.log
reset_run synth_1
launch_runs impl_1 -to_step write_bitstream -jobs 6
[Wed Aug 24 20:45:27 2016] Launched synth_1...
Run output will be captured here: /home/micron/OriginalStreamLoopback128/firmware/M510_KU060_StreamLoopback128/M510_KU060_StreamLoopback128.runs/synth_1/runme.log
[Wed Aug 24 20:45:27 2016] Launched impl_1...
Run output will be captured here: /home/micron/OriginalStreamLoopback128/firmware/M510_KU060_StreamLoopback128/M510_KU060_StreamLoopback128.runs/impl_1/runme.log
