Copyright 1986-2016 Xilinx, Inc. All Rights Reserved.
-------------------------------------------------------------------------------------------------------------------------------------------------------------
| Tool Version     : Vivado v.2016.2 (lin64) Build 1577090 Thu Jun  2 16:32:35 MDT 2016
| Date             : Tue Aug  9 10:45:31 2016
| Host             : micron-ubuntu running 64-bit Ubuntu 14.04.2 LTS
| Command          : report_power -file Pico_Toplevel_power_routed.rpt -pb Pico_Toplevel_power_summary_routed.pb -rpx Pico_Toplevel_power_routed.rpx
| Design           : Pico_Toplevel
| Device           : xcku060-ffva1156-2-e
| Design State     : routed
| Grade            : extended
| Process          : typical
| Characterization : Production
-------------------------------------------------------------------------------------------------------------------------------------------------------------

Power Report

Table of Contents
-----------------
1. Summary
1.1 On-Chip Components
1.2 Power Supply Summary
1.3 Confidence Level
2. Settings
2.1 Environment
2.2 Clock Constraints
3. Detailed Reports
3.1 By Hierarchy

1. Summary
----------

+--------------------------+--------+
| Total On-Chip Power (W)  | 3.390  |
| Dynamic (W)              | 2.674  |
| Device Static (W)        | 0.716  |
| Effective TJA (C/W)      | 1.4    |
| Max Ambient (C)          | 95.2   |
| Junction Temperature (C) | 29.8   |
| Confidence Level         | Medium |
| Setting File             | ---    |
| Simulation Activity File | ---    |
| Design Nets Matched      | NA     |
+--------------------------+--------+


1.1 On-Chip Components
----------------------

+--------------------------+-----------+----------+-----------+-----------------+
| On-Chip                  | Power (W) | Used     | Available | Utilization (%) |
+--------------------------+-----------+----------+-----------+-----------------+
| Clocks                   |     0.090 |       12 |       --- |             --- |
| CLB Logic                |     0.045 |    18247 |       --- |             --- |
|   LUT as Logic           |     0.028 |     4453 |    331680 |            1.34 |
|   Register               |     0.007 |    11200 |    663360 |            1.69 |
|   LUT as Shift Register  |     0.007 |      232 |    146880 |            0.16 |
|   LUT as Distributed RAM |     0.002 |      392 |    146880 |            0.27 |
|   CARRY8                 |    <0.001 |      138 |     41460 |            0.33 |
|   F7/F8 Muxes            |    <0.001 |      104 |    331680 |            0.03 |
|   Others                 |     0.000 |      540 |       --- |             --- |
| Signals                  |     0.114 |    17351 |       --- |             --- |
| Block RAM                |     0.222 |       42 |      1080 |            3.89 |
| I/O                      |     0.005 |        6 |       520 |            1.15 |
| GTH                      |     2.032 |        8 |        28 |           28.57 |
| SYSMON                   |    <0.001 |        1 |       --- |             --- |
| Hard IPs                 |     0.165 |        1 |       --- |             --- |
|   PCIE                   |     0.165 |        1 |         3 |           33.33 |
| Static Power             |     0.716 |          |           |                 |
| Total                    |     3.390 |          |           |                 |
+--------------------------+-----------+----------+-----------+-----------------+


1.2 Power Supply Summary
------------------------

+------------+-------------+-----------+-------------+------------+
| Source     | Voltage (V) | Total (A) | Dynamic (A) | Static (A) |
+------------+-------------+-----------+-------------+------------+
| Vccint     |       0.950 |     1.130 |       0.886 |      0.245 |
| Vccaux     |       1.800 |     0.120 |       0.000 |      0.120 |
| Vccaux_io  |       1.800 |     0.084 |       0.002 |      0.081 |
| Vccint_io  |       0.950 |     0.022 |       0.001 |      0.021 |
| Vcco33     |       3.300 |     0.000 |       0.000 |      0.000 |
| Vcco25     |       2.500 |     0.000 |       0.000 |      0.000 |
| Vcco18     |       1.800 |     0.000 |       0.000 |      0.000 |
| Vcco15     |       1.500 |     0.000 |       0.000 |      0.000 |
| Vcco135    |       1.350 |     0.000 |       0.000 |      0.000 |
| Vcco12     |       1.200 |     0.000 |       0.000 |      0.000 |
| Vcco10     |       1.000 |     0.000 |       0.000 |      0.000 |
| Vccbram    |       0.950 |     0.026 |       0.005 |      0.021 |
| MGTAVcc    |       1.000 |     1.037 |       1.018 |      0.020 |
| MGTAVtt    |       1.200 |     0.662 |       0.631 |      0.031 |
| MGTVccaux  |       1.800 |     0.027 |       0.027 |      0.000 |
| Vccadc     |       1.800 |     0.014 |       0.000 |      0.014 |
| MGTYVccaux |       1.800 |     0.000 |       0.000 |      0.000 |
| MGTYAVcc   |       1.000 |     0.000 |       0.000 |      0.000 |
| MGTYAVtt   |       1.200 |     0.000 |       0.000 |      0.000 |
+------------+-------------+-----------+-------------+------------+


1.3 Confidence Level
--------------------

+-----------------------------+------------+-------------------------------------------------------+------------------------------------------------------------------------------------------------------------+
| User Input Data             | Confidence | Details                                               | Action                                                                                                     |
+-----------------------------+------------+-------------------------------------------------------+------------------------------------------------------------------------------------------------------------+
| Design implementation state | High       | Design is routed                                      |                                                                                                            |
| Clock nodes activity        | High       | User specified more than 95% of clocks                |                                                                                                            |
| I/O nodes activity          | Medium     | More than 5% of inputs are missing user specification | Provide missing input activity with simulation results or by editing the "By Resource Type -> I/Os" view   |
| Internal nodes activity     | Medium     | User specified less than 25% of internal nodes        | Provide missing internal nodes activity with simulation results or by editing the "By Resource Type" views |
| Device models               | High       | Device models are Production                          |                                                                                                            |
|                             |            |                                                       |                                                                                                            |
| Overall confidence level    | Medium     |                                                       |                                                                                                            |
+-----------------------------+------------+-------------------------------------------------------+------------------------------------------------------------------------------------------------------------+


2. Settings
-----------

2.1 Environment
---------------

+-----------------------+--------------------------+
| Ambient Temp (C)      | 25.0                     |
| ThetaJA (C/W)         | 1.4                      |
| Airflow (LFM)         | 250                      |
| Heat Sink             | medium (Medium Profile)  |
| ThetaSA (C/W)         | 2.4                      |
| Board Selection       | medium (10"x10")         |
| # of Board Layers     | 12to15 (12 to 15 Layers) |
| Board Temperature (C) | 25.0                     |
+-----------------------+--------------------------+


2.2 Clock Constraints
---------------------

+-------------------------+--------------------------------------------------------------------------------------------------------------------------------------------------------------------------------------------------------------------------------------------------------------------------------------------------------------------+-----------------+
| Clock                   | Domain                                                                                                                                                                                                                                                                                                             | Constraint (ns) |
+-------------------------+--------------------------------------------------------------------------------------------------------------------------------------------------------------------------------------------------------------------------------------------------------------------------------------------------------------------+-----------------+
| dclk                    | PicoFramework/app/SystemMonitor/O145                                                                                                                                                                                                                                                                               |         15360.0 |
| extra_clk               | extra_clk_p                                                                                                                                                                                                                                                                                                        |             5.0 |
| mcap_clk                | PicoFramework/core/pcie3_ultrascale_0_i/inst/gt_top_i/MCAPCLK                                                                                                                                                                                                                                                      |             8.0 |
| qpll1outclk_out[0]      | PicoFramework/core/pcie3_ultrascale_0_i/inst/gt_top_i/gt_wizard.gtwizard_top_i/pcie3_ultrascale_0_gt_i/inst/gen_gtwizard_gthe3_top.pcie3_ultrascale_0_gt_gtwizard_gthe3_inst/gen_gtwizard_gthe3.gen_common.gen_common_container[24].gen_enabled_common.gthe3_common_wrapper_inst/common_inst/qpll1outclk_out[0]    |             0.2 |
| qpll1outclk_out[0]_1    | PicoFramework/core/pcie3_ultrascale_0_i/inst/gt_top_i/gt_wizard.gtwizard_top_i/pcie3_ultrascale_0_gt_i/inst/gen_gtwizard_gthe3_top.pcie3_ultrascale_0_gt_gtwizard_gthe3_inst/gen_gtwizard_gthe3.gen_common.gen_common_container[25].gen_enabled_common.gthe3_common_wrapper_inst/common_inst/qpll1outclk_out[0]    |             0.2 |
| qpll1outrefclk_out[0]   | PicoFramework/core/pcie3_ultrascale_0_i/inst/gt_top_i/gt_wizard.gtwizard_top_i/pcie3_ultrascale_0_gt_i/inst/gen_gtwizard_gthe3_top.pcie3_ultrascale_0_gt_gtwizard_gthe3_inst/gen_gtwizard_gthe3.gen_common.gen_common_container[24].gen_enabled_common.gthe3_common_wrapper_inst/common_inst/qpll1outrefclk_out[0] |            10.0 |
| qpll1outrefclk_out[0]_1 | PicoFramework/core/pcie3_ultrascale_0_i/inst/gt_top_i/gt_wizard.gtwizard_top_i/pcie3_ultrascale_0_gt_i/inst/gen_gtwizard_gthe3_top.pcie3_ultrascale_0_gt_gtwizard_gthe3_inst/gen_gtwizard_gthe3.gen_common.gen_common_container[25].gen_enabled_common.gthe3_common_wrapper_inst/common_inst/qpll1outrefclk_out[0] |            10.0 |
| sys_clk                 | sys_clk_p                                                                                                                                                                                                                                                                                                          |            10.0 |
| sys_picoclk             | PicoFramework/app/FrameworkPicoBus/s2pb/clk_gen/rd_rst_q_reg[4]                                                                                                                                                                                                                                                    |           240.0 |
| txoutclk_out[3]         | PicoFramework/core/pcie3_ultrascale_0_i/inst/gt_top_i/gt_wizard.gtwizard_top_i/pcie3_ultrascale_0_gt_i/inst/gen_gtwizard_gthe3_top.pcie3_ultrascale_0_gt_gtwizard_gthe3_inst/gen_gtwizard_gthe3.gen_channel_container[25].gen_enabled_channel.gthe3_channel_wrapper_inst/channel_inst/txoutclk_out[3]              |             4.0 |
+-------------------------+--------------------------------------------------------------------------------------------------------------------------------------------------------------------------------------------------------------------------------------------------------------------------------------------------------------------+-----------------+


3. Detailed Reports
-------------------

3.1 By Hierarchy
----------------

+-------------------------------------------------------------------------------------------------------------------------+-----------+
| Name                                                                                                                    | Power (W) |
+-------------------------------------------------------------------------------------------------------------------------+-----------+
| Pico_Toplevel                                                                                                           |     2.674 |
|   PicoFramework                                                                                                         |     2.653 |
|     app                                                                                                                 |     0.247 |
|       CardInfo                                                                                                          |    <0.001 |
|       FrameworkPicoBus                                                                                                  |     0.027 |
|         s126i_stream                                                                                                    |     0.008 |
|           s0_desc_fifo                                                                                                  |     0.002 |
|             U0                                                                                                          |     0.002 |
|               inst_fifo_gen                                                                                             |     0.002 |
|                 gconvfifo.rf                                                                                            |     0.002 |
|                   grf.rf                                                                                                |     0.002 |
|                     gntv_or_sync_fifo.gl0.rd                                                                            |    <0.001 |
|                       gr1.gr1_int.rfwft                                                                                 |    <0.001 |
|                       grss.rsts                                                                                         |    <0.001 |
|                       rpntr                                                                                             |    <0.001 |
|                     gntv_or_sync_fifo.gl0.wr                                                                            |    <0.001 |
|                       gwss.wsts                                                                                         |    <0.001 |
|                       wpntr                                                                                             |    <0.001 |
|                     gntv_or_sync_fifo.mem                                                                               |     0.002 |
|                       gdm.dm_gen.dm                                                                                     |     0.002 |
|                         RAM_reg_0_31_0_5                                                                                |    <0.001 |
|                         RAM_reg_0_31_12_17                                                                              |    <0.001 |
|                         RAM_reg_0_31_18_23                                                                              |    <0.001 |
|                         RAM_reg_0_31_24_29                                                                              |    <0.001 |
|                         RAM_reg_0_31_30_35                                                                              |    <0.001 |
|                         RAM_reg_0_31_36_41                                                                              |    <0.001 |
|                         RAM_reg_0_31_42_47                                                                              |    <0.001 |
|                         RAM_reg_0_31_48_53                                                                              |    <0.001 |
|                         RAM_reg_0_31_54_59                                                                              |    <0.001 |
|                         RAM_reg_0_31_6_11                                                                               |    <0.001 |
|                     rstblk                                                                                              |    <0.001 |
|           s0_fifo                                                                                                       |     0.004 |
|         s126o_stream                                                                                                    |     0.017 |
|           s0_desc_fifo                                                                                                  |     0.002 |
|             U0                                                                                                          |     0.002 |
|               inst_fifo_gen                                                                                             |     0.002 |
|                 gconvfifo.rf                                                                                            |     0.002 |
|                   grf.rf                                                                                                |     0.002 |
|                     gntv_or_sync_fifo.gl0.rd                                                                            |    <0.001 |
|                       gr1.gr1_int.rfwft                                                                                 |    <0.001 |
|                       grss.rsts                                                                                         |    <0.001 |
|                       rpntr                                                                                             |    <0.001 |
|                     gntv_or_sync_fifo.gl0.wr                                                                            |    <0.001 |
|                       gwss.wsts                                                                                         |    <0.001 |
|                       wpntr                                                                                             |    <0.001 |
|                     gntv_or_sync_fifo.mem                                                                               |     0.002 |
|                       gdm.dm_gen.dm                                                                                     |     0.002 |
|                         RAM_reg_0_31_0_5                                                                                |    <0.001 |
|                         RAM_reg_0_31_12_17                                                                              |    <0.001 |
|                         RAM_reg_0_31_18_23                                                                              |    <0.001 |
|                         RAM_reg_0_31_24_29                                                                              |    <0.001 |
|                         RAM_reg_0_31_30_35                                                                              |    <0.001 |
|                         RAM_reg_0_31_36_41                                                                              |    <0.001 |
|                         RAM_reg_0_31_42_47                                                                              |    <0.001 |
|                         RAM_reg_0_31_48_53                                                                              |    <0.001 |
|                         RAM_reg_0_31_54_59                                                                              |    <0.001 |
|                         RAM_reg_0_31_6_11                                                                               |    <0.001 |
|                     rstblk                                                                                              |    <0.001 |
|           s0_fifo                                                                                                       |     0.002 |
|         s2pb                                                                                                            |     0.002 |
|           clk_gen                                                                                                       |    <0.001 |
|           si_fifo                                                                                                       |    <0.001 |
|           so_fifo                                                                                                       |    <0.001 |
|       PIO_EP                                                                                                            |     0.220 |
|         EP_RX                                                                                                           |     0.037 |
|           Reorderer                                                                                                     |     0.022 |
|         EP_TX                                                                                                           |     0.004 |
|         HdrAligner                                                                                                      |     0.002 |
|         iwr_q_fifo                                                                                                      |     0.001 |
|         iwr_wr_postdata_q_fifo                                                                                          |     0.002 |
|         iwr_wr_q_fifo                                                                                                   |     0.002 |
|         rem_seq_fifo                                                                                                    |     0.002 |
|           U0                                                                                                            |     0.002 |
|             inst_fifo_gen                                                                                               |     0.002 |
|               gconvfifo.rf                                                                                              |     0.002 |
|                 grf.rf                                                                                                  |     0.002 |
|                   gntv_or_sync_fifo.gl0.rd                                                                              |    <0.001 |
|                     gr1.gr1_int.rfwft                                                                                   |    <0.001 |
|                     grss.rsts                                                                                           |    <0.001 |
|                     rpntr                                                                                               |    <0.001 |
|                   gntv_or_sync_fifo.gl0.wr                                                                              |    <0.001 |
|                     gwss.wsts                                                                                           |    <0.001 |
|                     wpntr                                                                                               |    <0.001 |
|                   gntv_or_sync_fifo.mem                                                                                 |     0.001 |
|                     gdm.dm_gen.dm                                                                                       |    <0.001 |
|                       RAM_reg_0_31_0_5                                                                                  |    <0.001 |
|                       RAM_reg_0_31_12_17                                                                                |    <0.001 |
|                       RAM_reg_0_31_6_11                                                                                 |    <0.001 |
|                   rstblk                                                                                                |    <0.001 |
|         tag_fifo_i                                                                                                      |    <0.001 |
|         wr_data_q_fifo                                                                                                  |     0.001 |
|       SystemMonitor                                                                                                     |    <0.001 |
|       TestCounter32                                                                                                     |    <0.001 |
|     core                                                                                                                |     2.403 |
|       pcie3_7x_to_v1_6                                                                                                  |     0.007 |
|         tx_fifo                                                                                                         |     0.002 |
|       pcie3_ultrascale_0_i                                                                                              |     2.395 |
|         inst                                                                                                            |     2.395 |
|           gt_top_i                                                                                                      |     2.068 |
|             gt_wizard.gtwizard_top_i                                                                                    |     2.036 |
|               pcie3_ultrascale_0_gt_i                                                                                   |     2.036 |
|                 inst                                                                                                    |     2.036 |
|                   gen_gtwizard_gthe3_top.pcie3_ultrascale_0_gt_gtwizard_gthe3_inst                                      |     2.036 |
|                     gen_gtwizard_gthe3.gen_channel_container[24].gen_enabled_channel.gthe3_channel_wrapper_inst         |     1.018 |
|                       channel_inst                                                                                      |     1.018 |
|                     gen_gtwizard_gthe3.gen_channel_container[25].gen_enabled_channel.gthe3_channel_wrapper_inst         |     1.018 |
|                       channel_inst                                                                                      |     1.018 |
|                     gen_gtwizard_gthe3.gen_common.gen_common_container[24].gen_enabled_common.gthe3_common_wrapper_inst |    <0.001 |
|                       common_inst                                                                                       |    <0.001 |
|                     gen_gtwizard_gthe3.gen_common.gen_common_container[25].gen_enabled_common.gthe3_common_wrapper_inst |    <0.001 |
|                       common_inst                                                                                       |    <0.001 |
|             phy_clk_i                                                                                                   |    <0.001 |
|             phy_lane[0].phy_rxeq_i                                                                                      |    <0.001 |
|               sync_ctrl                                                                                                 |    <0.001 |
|                 sync_vec[0].sync_cell_i                                                                                 |    <0.001 |
|                 sync_vec[1].sync_cell_i                                                                                 |    <0.001 |
|             phy_lane[0].phy_txeq_i                                                                                      |     0.003 |
|               sync_coeff                                                                                                |    <0.001 |
|                 sync_vec[0].sync_cell_i                                                                                 |    <0.001 |
|                 sync_vec[1].sync_cell_i                                                                                 |    <0.001 |
|                 sync_vec[2].sync_cell_i                                                                                 |    <0.001 |
|                 sync_vec[3].sync_cell_i                                                                                 |    <0.001 |
|                 sync_vec[4].sync_cell_i                                                                                 |    <0.001 |
|                 sync_vec[5].sync_cell_i                                                                                 |    <0.001 |
|               sync_ctrl                                                                                                 |    <0.001 |
|                 sync_vec[0].sync_cell_i                                                                                 |    <0.001 |
|                 sync_vec[1].sync_cell_i                                                                                 |    <0.001 |
|               sync_preset                                                                                               |    <0.001 |
|                 sync_vec[0].sync_cell_i                                                                                 |    <0.001 |
|                 sync_vec[1].sync_cell_i                                                                                 |    <0.001 |
|                 sync_vec[2].sync_cell_i                                                                                 |    <0.001 |
|                 sync_vec[3].sync_cell_i                                                                                 |    <0.001 |
|             phy_lane[1].phy_rxeq_i                                                                                      |    <0.001 |
|               sync_ctrl                                                                                                 |    <0.001 |
|                 sync_vec[0].sync_cell_i                                                                                 |    <0.001 |
|                 sync_vec[1].sync_cell_i                                                                                 |    <0.001 |
|             phy_lane[1].phy_txeq_i                                                                                      |     0.003 |
|               sync_coeff                                                                                                |    <0.001 |
|                 sync_vec[0].sync_cell_i                                                                                 |    <0.001 |
|                 sync_vec[1].sync_cell_i                                                                                 |    <0.001 |
|                 sync_vec[2].sync_cell_i                                                                                 |    <0.001 |
|                 sync_vec[3].sync_cell_i                                                                                 |    <0.001 |
|                 sync_vec[4].sync_cell_i                                                                                 |    <0.001 |
|                 sync_vec[5].sync_cell_i                                                                                 |    <0.001 |
|               sync_ctrl                                                                                                 |    <0.001 |
|                 sync_vec[0].sync_cell_i                                                                                 |    <0.001 |
|                 sync_vec[1].sync_cell_i                                                                                 |    <0.001 |
|               sync_preset                                                                                               |    <0.001 |
|                 sync_vec[0].sync_cell_i                                                                                 |    <0.001 |
|                 sync_vec[1].sync_cell_i                                                                                 |    <0.001 |
|                 sync_vec[2].sync_cell_i                                                                                 |    <0.001 |
|                 sync_vec[3].sync_cell_i                                                                                 |    <0.001 |
|             phy_lane[2].phy_rxeq_i                                                                                      |    <0.001 |
|               sync_ctrl                                                                                                 |    <0.001 |
|                 sync_vec[0].sync_cell_i                                                                                 |    <0.001 |
|                 sync_vec[1].sync_cell_i                                                                                 |    <0.001 |
|             phy_lane[2].phy_txeq_i                                                                                      |     0.003 |
|               sync_coeff                                                                                                |    <0.001 |
|                 sync_vec[0].sync_cell_i                                                                                 |    <0.001 |
|                 sync_vec[1].sync_cell_i                                                                                 |    <0.001 |
|                 sync_vec[2].sync_cell_i                                                                                 |    <0.001 |
|                 sync_vec[3].sync_cell_i                                                                                 |    <0.001 |
|                 sync_vec[4].sync_cell_i                                                                                 |    <0.001 |
|                 sync_vec[5].sync_cell_i                                                                                 |    <0.001 |
|               sync_ctrl                                                                                                 |    <0.001 |
|                 sync_vec[0].sync_cell_i                                                                                 |    <0.001 |
|                 sync_vec[1].sync_cell_i                                                                                 |    <0.001 |
|               sync_preset                                                                                               |    <0.001 |
|                 sync_vec[0].sync_cell_i                                                                                 |    <0.001 |
|                 sync_vec[1].sync_cell_i                                                                                 |    <0.001 |
|                 sync_vec[2].sync_cell_i                                                                                 |    <0.001 |
|                 sync_vec[3].sync_cell_i                                                                                 |    <0.001 |
|             phy_lane[3].phy_rxeq_i                                                                                      |    <0.001 |
|               sync_ctrl                                                                                                 |    <0.001 |
|                 sync_vec[0].sync_cell_i                                                                                 |    <0.001 |
|                 sync_vec[1].sync_cell_i                                                                                 |    <0.001 |
|             phy_lane[3].phy_txeq_i                                                                                      |     0.003 |
|               sync_coeff                                                                                                |    <0.001 |
|                 sync_vec[0].sync_cell_i                                                                                 |    <0.001 |
|                 sync_vec[1].sync_cell_i                                                                                 |    <0.001 |
|                 sync_vec[2].sync_cell_i                                                                                 |    <0.001 |
|                 sync_vec[3].sync_cell_i                                                                                 |    <0.001 |
|                 sync_vec[4].sync_cell_i                                                                                 |    <0.001 |
|                 sync_vec[5].sync_cell_i                                                                                 |    <0.001 |
|               sync_ctrl                                                                                                 |    <0.001 |
|                 sync_vec[0].sync_cell_i                                                                                 |    <0.001 |
|                 sync_vec[1].sync_cell_i                                                                                 |    <0.001 |
|               sync_preset                                                                                               |    <0.001 |
|                 sync_vec[0].sync_cell_i                                                                                 |    <0.001 |
|                 sync_vec[1].sync_cell_i                                                                                 |    <0.001 |
|                 sync_vec[2].sync_cell_i                                                                                 |    <0.001 |
|                 sync_vec[3].sync_cell_i                                                                                 |    <0.001 |
|             phy_lane[4].phy_rxeq_i                                                                                      |    <0.001 |
|               sync_ctrl                                                                                                 |    <0.001 |
|                 sync_vec[0].sync_cell_i                                                                                 |    <0.001 |
|                 sync_vec[1].sync_cell_i                                                                                 |    <0.001 |
|             phy_lane[4].phy_txeq_i                                                                                      |     0.003 |
|               sync_coeff                                                                                                |    <0.001 |
|                 sync_vec[0].sync_cell_i                                                                                 |    <0.001 |
|                 sync_vec[1].sync_cell_i                                                                                 |    <0.001 |
|                 sync_vec[2].sync_cell_i                                                                                 |    <0.001 |
|                 sync_vec[3].sync_cell_i                                                                                 |    <0.001 |
|                 sync_vec[4].sync_cell_i                                                                                 |    <0.001 |
|                 sync_vec[5].sync_cell_i                                                                                 |    <0.001 |
|               sync_ctrl                                                                                                 |    <0.001 |
|                 sync_vec[0].sync_cell_i                                                                                 |    <0.001 |
|                 sync_vec[1].sync_cell_i                                                                                 |    <0.001 |
|               sync_preset                                                                                               |    <0.001 |
|                 sync_vec[0].sync_cell_i                                                                                 |    <0.001 |
|                 sync_vec[1].sync_cell_i                                                                                 |    <0.001 |
|                 sync_vec[2].sync_cell_i                                                                                 |    <0.001 |
|                 sync_vec[3].sync_cell_i                                                                                 |    <0.001 |
|             phy_lane[5].phy_rxeq_i                                                                                      |    <0.001 |
|               sync_ctrl                                                                                                 |    <0.001 |
|                 sync_vec[0].sync_cell_i                                                                                 |    <0.001 |
|                 sync_vec[1].sync_cell_i                                                                                 |    <0.001 |
|             phy_lane[5].phy_txeq_i                                                                                      |     0.003 |
|               sync_coeff                                                                                                |    <0.001 |
|                 sync_vec[0].sync_cell_i                                                                                 |    <0.001 |
|                 sync_vec[1].sync_cell_i                                                                                 |    <0.001 |
|                 sync_vec[2].sync_cell_i                                                                                 |    <0.001 |
|                 sync_vec[3].sync_cell_i                                                                                 |    <0.001 |
|                 sync_vec[4].sync_cell_i                                                                                 |    <0.001 |
|                 sync_vec[5].sync_cell_i                                                                                 |    <0.001 |
|               sync_ctrl                                                                                                 |    <0.001 |
|                 sync_vec[0].sync_cell_i                                                                                 |    <0.001 |
|                 sync_vec[1].sync_cell_i                                                                                 |    <0.001 |
|               sync_preset                                                                                               |    <0.001 |
|                 sync_vec[0].sync_cell_i                                                                                 |    <0.001 |
|                 sync_vec[1].sync_cell_i                                                                                 |    <0.001 |
|                 sync_vec[2].sync_cell_i                                                                                 |    <0.001 |
|                 sync_vec[3].sync_cell_i                                                                                 |    <0.001 |
|             phy_lane[6].phy_rxeq_i                                                                                      |    <0.001 |
|               sync_ctrl                                                                                                 |    <0.001 |
|                 sync_vec[0].sync_cell_i                                                                                 |    <0.001 |
|                 sync_vec[1].sync_cell_i                                                                                 |    <0.001 |
|             phy_lane[6].phy_txeq_i                                                                                      |     0.003 |
|               sync_coeff                                                                                                |    <0.001 |
|                 sync_vec[0].sync_cell_i                                                                                 |    <0.001 |
|                 sync_vec[1].sync_cell_i                                                                                 |    <0.001 |
|                 sync_vec[2].sync_cell_i                                                                                 |    <0.001 |
|                 sync_vec[3].sync_cell_i                                                                                 |    <0.001 |
|                 sync_vec[4].sync_cell_i                                                                                 |    <0.001 |
|                 sync_vec[5].sync_cell_i                                                                                 |    <0.001 |
|               sync_ctrl                                                                                                 |    <0.001 |
|                 sync_vec[0].sync_cell_i                                                                                 |    <0.001 |
|                 sync_vec[1].sync_cell_i                                                                                 |    <0.001 |
|               sync_preset                                                                                               |    <0.001 |
|                 sync_vec[0].sync_cell_i                                                                                 |    <0.001 |
|                 sync_vec[1].sync_cell_i                                                                                 |    <0.001 |
|                 sync_vec[2].sync_cell_i                                                                                 |    <0.001 |
|                 sync_vec[3].sync_cell_i                                                                                 |    <0.001 |
|             phy_lane[7].phy_rxeq_i                                                                                      |    <0.001 |
|               sync_ctrl                                                                                                 |    <0.001 |
|                 sync_vec[0].sync_cell_i                                                                                 |    <0.001 |
|                 sync_vec[1].sync_cell_i                                                                                 |    <0.001 |
|             phy_lane[7].phy_txeq_i                                                                                      |     0.003 |
|               sync_coeff                                                                                                |    <0.001 |
|                 sync_vec[0].sync_cell_i                                                                                 |    <0.001 |
|                 sync_vec[1].sync_cell_i                                                                                 |    <0.001 |
|                 sync_vec[2].sync_cell_i                                                                                 |    <0.001 |
|                 sync_vec[3].sync_cell_i                                                                                 |    <0.001 |
|                 sync_vec[4].sync_cell_i                                                                                 |    <0.001 |
|                 sync_vec[5].sync_cell_i                                                                                 |    <0.001 |
|               sync_ctrl                                                                                                 |    <0.001 |
|                 sync_vec[0].sync_cell_i                                                                                 |    <0.001 |
|                 sync_vec[1].sync_cell_i                                                                                 |    <0.001 |
|               sync_preset                                                                                               |    <0.001 |
|                 sync_vec[0].sync_cell_i                                                                                 |    <0.001 |
|                 sync_vec[1].sync_cell_i                                                                                 |    <0.001 |
|                 sync_vec[2].sync_cell_i                                                                                 |    <0.001 |
|                 sync_vec[3].sync_cell_i                                                                                 |    <0.001 |
|             phy_rst_i                                                                                                   |     0.005 |
|               sync_cplllock                                                                                             |    <0.001 |
|                 sync_vec[0].sync_cell_i                                                                                 |    <0.001 |
|               sync_gtpowergood                                                                                          |    <0.001 |
|                 sync_vec[0].sync_cell_i                                                                                 |    <0.001 |
|                 sync_vec[1].sync_cell_i                                                                                 |    <0.001 |
|                 sync_vec[2].sync_cell_i                                                                                 |    <0.001 |
|                 sync_vec[3].sync_cell_i                                                                                 |    <0.001 |
|                 sync_vec[4].sync_cell_i                                                                                 |    <0.001 |
|                 sync_vec[5].sync_cell_i                                                                                 |    <0.001 |
|                 sync_vec[6].sync_cell_i                                                                                 |    <0.001 |
|                 sync_vec[7].sync_cell_i                                                                                 |    <0.001 |
|               sync_phystatus                                                                                            |    <0.001 |
|                 sync_vec[0].sync_cell_i                                                                                 |    <0.001 |
|                 sync_vec[1].sync_cell_i                                                                                 |    <0.001 |
|                 sync_vec[2].sync_cell_i                                                                                 |    <0.001 |
|                 sync_vec[3].sync_cell_i                                                                                 |    <0.001 |
|                 sync_vec[4].sync_cell_i                                                                                 |    <0.001 |
|                 sync_vec[5].sync_cell_i                                                                                 |    <0.001 |
|                 sync_vec[6].sync_cell_i                                                                                 |    <0.001 |
|                 sync_vec[7].sync_cell_i                                                                                 |    <0.001 |
|               sync_prst_n                                                                                               |    <0.001 |
|                 sync_vec[0].sync_cell_i                                                                                 |    <0.001 |
|               sync_qpll1lock                                                                                            |    <0.001 |
|                 sync_vec[0].sync_cell_i                                                                                 |    <0.001 |
|                 sync_vec[1].sync_cell_i                                                                                 |    <0.001 |
|               sync_rxresetdone                                                                                          |    <0.001 |
|                 sync_vec[0].sync_cell_i                                                                                 |    <0.001 |
|                 sync_vec[1].sync_cell_i                                                                                 |    <0.001 |
|                 sync_vec[2].sync_cell_i                                                                                 |    <0.001 |
|                 sync_vec[3].sync_cell_i                                                                                 |    <0.001 |
|                 sync_vec[4].sync_cell_i                                                                                 |    <0.001 |
|                 sync_vec[5].sync_cell_i                                                                                 |    <0.001 |
|                 sync_vec[6].sync_cell_i                                                                                 |    <0.001 |
|                 sync_vec[7].sync_cell_i                                                                                 |    <0.001 |
|               sync_txprogdivresetdone                                                                                   |    <0.001 |
|                 sync_vec[0].sync_cell_i                                                                                 |    <0.001 |
|               sync_txresetdone                                                                                          |    <0.001 |
|                 sync_vec[0].sync_cell_i                                                                                 |    <0.001 |
|                 sync_vec[1].sync_cell_i                                                                                 |    <0.001 |
|                 sync_vec[2].sync_cell_i                                                                                 |    <0.001 |
|                 sync_vec[3].sync_cell_i                                                                                 |    <0.001 |
|                 sync_vec[4].sync_cell_i                                                                                 |    <0.001 |
|                 sync_vec[5].sync_cell_i                                                                                 |    <0.001 |
|                 sync_vec[6].sync_cell_i                                                                                 |    <0.001 |
|                 sync_vec[7].sync_cell_i                                                                                 |    <0.001 |
|               sync_txsync_done                                                                                          |    <0.001 |
|                 sync_vec[0].sync_cell_i                                                                                 |    <0.001 |
|                 sync_vec[1].sync_cell_i                                                                                 |    <0.001 |
|                 sync_vec[2].sync_cell_i                                                                                 |    <0.001 |
|                 sync_vec[3].sync_cell_i                                                                                 |    <0.001 |
|                 sync_vec[4].sync_cell_i                                                                                 |    <0.001 |
|                 sync_vec[5].sync_cell_i                                                                                 |    <0.001 |
|                 sync_vec[6].sync_cell_i                                                                                 |    <0.001 |
|                 sync_vec[7].sync_cell_i                                                                                 |    <0.001 |
|           pcie3_uscale_top_inst                                                                                         |     0.327 |
|             init_ctrl_inst                                                                                              |     0.002 |
|             pcie3_uscale_wrapper_inst                                                                                   |     0.269 |
|               bram_inst                                                                                                 |     0.092 |
|                 bram_cpl_inst                                                                                           |     0.033 |
|                   CPL_FIFO_16KB.bram_16k_inst                                                                           |     0.033 |
|                 bram_rep_inst                                                                                           |     0.030 |
|                   bram_rep_8k_inst                                                                                      |     0.030 |
|                 bram_req_inst                                                                                           |     0.029 |
|                   bram_req_8k_inst                                                                                      |     0.029 |
|             pipe_pipeline_inst                                                                                          |     0.044 |
|               pipe_2_lane.pipe_lane_1_inst                                                                              |     0.006 |
|               pipe_4_lane.pipe_lane_2_inst                                                                              |     0.006 |
|               pipe_4_lane.pipe_lane_3_inst                                                                              |     0.006 |
|               pipe_8_lane.pipe_lane_4_inst                                                                              |     0.005 |
|               pipe_8_lane.pipe_lane_5_inst                                                                              |     0.004 |
|               pipe_8_lane.pipe_lane_6_inst                                                                              |     0.004 |
|               pipe_8_lane.pipe_lane_7_inst                                                                              |     0.005 |
|               pipe_lane_0_inst                                                                                          |     0.006 |
|               pipe_misc_inst                                                                                            |     0.002 |
|             tph_tbl_inst                                                                                                |     0.012 |
|           rxcdrhold_i                                                                                                   |    <0.001 |
|             sync_rxcdrhold_req                                                                                          |    <0.001 |
|               sync_vec[0].sync_cell_i                                                                                   |    <0.001 |
|           user_lnk_up_cdc                                                                                               |    <0.001 |
|           user_reset_cdc                                                                                                |    <0.001 |
|     extra_clk_ibuf                                                                                                      |     0.003 |
|   RGBBlink                                                                                                              |     0.003 |
|   Reorderer/tag_seq_end_reg_0_63_0_6                                                                                    |    <0.001 |
|   Reorderer/tag_seq_end_reg_0_63_7_7                                                                                    |    <0.001 |
|   Reorderer/tag_seq_end_reg_0_63_8_8                                                                                    |    <0.001 |
|   Reorderer/tag_seq_end_reg_128_191_0_6                                                                                 |    <0.001 |
|   Reorderer/tag_seq_end_reg_128_191_7_7                                                                                 |    <0.001 |
|   Reorderer/tag_seq_end_reg_128_191_8_8                                                                                 |    <0.001 |
|   Reorderer/tag_seq_end_reg_192_255_0_6                                                                                 |    <0.001 |
|   Reorderer/tag_seq_end_reg_192_255_7_7                                                                                 |    <0.001 |
|   Reorderer/tag_seq_end_reg_192_255_8_8                                                                                 |    <0.001 |
|   Reorderer/tag_seq_end_reg_64_127_0_6                                                                                  |    <0.001 |
|   Reorderer/tag_seq_end_reg_64_127_7_7                                                                                  |    <0.001 |
|   Reorderer/tag_seq_end_reg_64_127_8_8                                                                                  |    <0.001 |
|   UserWrapper                                                                                                           |     0.015 |
|     UserModule                                                                                                          |    <0.001 |
|     stream_in[0].gen_stream_in                                                                                          |     0.008 |
|       s0_desc_fifo                                                                                                      |     0.002 |
|         U0                                                                                                              |     0.002 |
|           inst_fifo_gen                                                                                                 |     0.002 |
|             gconvfifo.rf                                                                                                |     0.002 |
|               grf.rf                                                                                                    |     0.002 |
|                 gntv_or_sync_fifo.gl0.rd                                                                                |    <0.001 |
|                   gr1.gr1_int.rfwft                                                                                     |    <0.001 |
|                   grss.rsts                                                                                             |    <0.001 |
|                   rpntr                                                                                                 |    <0.001 |
|                 gntv_or_sync_fifo.gl0.wr                                                                                |    <0.001 |
|                   gwss.wsts                                                                                             |    <0.001 |
|                   wpntr                                                                                                 |    <0.001 |
|                 gntv_or_sync_fifo.mem                                                                                   |     0.002 |
|                   gdm.dm_gen.dm                                                                                         |     0.002 |
|                     RAM_reg_0_31_0_5                                                                                    |    <0.001 |
|                     RAM_reg_0_31_12_17                                                                                  |    <0.001 |
|                     RAM_reg_0_31_18_23                                                                                  |    <0.001 |
|                     RAM_reg_0_31_24_29                                                                                  |    <0.001 |
|                     RAM_reg_0_31_30_35                                                                                  |    <0.001 |
|                     RAM_reg_0_31_36_41                                                                                  |    <0.001 |
|                     RAM_reg_0_31_42_47                                                                                  |    <0.001 |
|                     RAM_reg_0_31_48_53                                                                                  |    <0.001 |
|                     RAM_reg_0_31_54_59                                                                                  |    <0.001 |
|                     RAM_reg_0_31_6_11                                                                                   |    <0.001 |
|                 rstblk                                                                                                  |    <0.001 |
|       s0_fifo                                                                                                           |     0.004 |
|     stream_out[0].gen_stream_out                                                                                        |     0.006 |
|       s0_desc_fifo                                                                                                      |     0.002 |
|         U0                                                                                                              |     0.002 |
|           inst_fifo_gen                                                                                                 |     0.002 |
|             gconvfifo.rf                                                                                                |     0.002 |
|               grf.rf                                                                                                    |     0.002 |
|                 gntv_or_sync_fifo.gl0.rd                                                                                |    <0.001 |
|                   gr1.gr1_int.rfwft                                                                                     |    <0.001 |
|                   grss.rsts                                                                                             |    <0.001 |
|                   rpntr                                                                                                 |    <0.001 |
|                 gntv_or_sync_fifo.gl0.wr                                                                                |    <0.001 |
|                   gwss.wsts                                                                                             |    <0.001 |
|                   wpntr                                                                                                 |    <0.001 |
|                 gntv_or_sync_fifo.mem                                                                                   |     0.002 |
|                   gdm.dm_gen.dm                                                                                         |     0.002 |
|                     RAM_reg_0_31_0_5                                                                                    |    <0.001 |
|                     RAM_reg_0_31_12_17                                                                                  |    <0.001 |
|                     RAM_reg_0_31_18_23                                                                                  |    <0.001 |
|                     RAM_reg_0_31_24_29                                                                                  |    <0.001 |
|                     RAM_reg_0_31_30_35                                                                                  |    <0.001 |
|                     RAM_reg_0_31_36_41                                                                                  |    <0.001 |
|                     RAM_reg_0_31_42_47                                                                                  |    <0.001 |
|                     RAM_reg_0_31_48_53                                                                                  |    <0.001 |
|                     RAM_reg_0_31_54_59                                                                                  |    <0.001 |
|                     RAM_reg_0_31_6_11                                                                                   |    <0.001 |
|                 rstblk                                                                                                  |    <0.001 |
|       s0_fifo                                                                                                           |     0.002 |
+-------------------------------------------------------------------------------------------------------------------------+-----------+


