#-----------------------------------------------------------
# Vivado v2016.2 (64-bit)
# SW Build 1577090 on Thu Jun  2 16:32:35 MDT 2016
# IP Build 1577682 on Fri Jun  3 12:00:54 MDT 2016
# Start of session at: Tue Aug  9 10:57:18 2016
# Process ID: 15942
# Current directory: /home/micron/emanuele/emanueleExample/firmware/M510_KU060_StreamLoopback128/M510_KU060_StreamLoopback128.runs/impl_1
# Command line: vivado
# Log file: /home/micron/emanuele/emanueleExample/firmware/M510_KU060_StreamLoopback128/M510_KU060_StreamLoopback128.runs/impl_1/vivado.log
# Journal file: /home/micron/emanuele/emanueleExample/firmware/M510_KU060_StreamLoopback128/M510_KU060_StreamLoopback128.runs/impl_1/vivado.jou
#-----------------------------------------------------------
start_gui
open_project /home/micron/emanuele/emanueleExample/firmware/M510_KU060_StreamLoopback128/M510_KU060_StreamLoopback128.xpr
Scanning sources...
Finished scanning sources
INFO: [IP_Flow 19-234] Refreshing IP repositories
INFO: [IP_Flow 19-1704] No user IP repositories specified
INFO: [IP_Flow 19-2313] Loaded Vivado IP repository '/opt/Xilinx/Vivado/2016.2/data/ip'.
open_project: Time (s): cpu = 00:00:15 ; elapsed = 00:00:06 . Memory (MB): peak = 5975.297 ; gain = 208.133 ; free physical = 28862 ; free virtual = 38764
update_compile_order -fileset sources_1
exit
INFO: [Common 17-206] Exiting Vivado at Tue Aug  9 10:58:39 2016...
