#-----------------------------------------------------------
# Vivado v2016.2 (64-bit)
# SW Build 1577090 on Thu Jun  2 16:32:35 MDT 2016
# IP Build 1577682 on Fri Jun  3 12:00:54 MDT 2016
# Start of session at: Thu Aug 25 11:03:30 2016
# Process ID: 11853
# Current directory: /home/micron/.Xilinx
# Command line: vivado
# Log file: /home/micron/.Xilinx/vivado.log
# Journal file: /home/micron/.Xilinx/vivado.jou
#-----------------------------------------------------------
start_gui
open_project /home/micron/OriginalStreamLoopback128/firmware/M510_KU060_StreamLoopback128/M510_KU060_StreamLoopback128.xpr
Scanning sources...
Finished scanning sources
INFO: [IP_Flow 19-234] Refreshing IP repositories
INFO: [IP_Flow 19-1704] No user IP repositories specified
INFO: [IP_Flow 19-2313] Loaded Vivado IP repository '/opt/Xilinx/Vivado/2016.2/data/ip'.
open_project: Time (s): cpu = 00:00:13 ; elapsed = 00:00:07 . Memory (MB): peak = 6056.613 ; gain = 254.633 ; free physical = 27960 ; free virtual = 38680
update_compile_order -fileset sources_1
reset_run synth_1
launch_runs synth_1 -jobs 6
INFO: [HDL 9-2216] Analyzing Verilog file "/home/micron/OriginalStreamLoopback128/firmware/M510_KU060_StreamLoopback128/firmware/src/pcie_axi/AXIBuffer.v" into library work [/home/micron/OriginalStreamLoopback128/firmware/M510_KU060_StreamLoopback128/firmware/src/pcie_axi/AXIBuffer.v:1]
INFO: [HDL 9-1065] Parsing verilog file "/home/micron/OriginalStreamLoopback128/firmware/M510_KU060_StreamLoopback128/firmware/PicoDefines.v" included at line 8. [/home/micron/OriginalStreamLoopback128/firmware/M510_KU060_StreamLoopback128/firmware/src/pcie_axi/AXIBuffer.v:8]
INFO: [HDL 9-1065] Parsing verilog file "/home/micron/OriginalStreamLoopback128/firmware/M510_KU060_StreamLoopback128/firmware/src/pcie_axi/BasePicoDefines.v" included at line 16. [/home/micron/OriginalStreamLoopback128/firmware/M510_KU060_StreamLoopback128/firmware/PicoDefines.v:16]
INFO: [HDL 9-2216] Analyzing Verilog file "/home/micron/OriginalStreamLoopback128/firmware/M510_KU060_StreamLoopback128/firmware/src/pcie_axi/AXIToHMC.v" into library work [/home/micron/OriginalStreamLoopback128/firmware/M510_KU060_StreamLoopback128/firmware/src/pcie_axi/AXIToHMC.v:1]
INFO: [HDL 9-1065] Parsing verilog file "/home/micron/OriginalStreamLoopback128/firmware/M510_KU060_StreamLoopback128/firmware/PicoDefines.v" included at line 27. [/home/micron/OriginalStreamLoopback128/firmware/M510_KU060_StreamLoopback128/firmware/src/pcie_axi/AXIToHMC.v:27]
INFO: [HDL 9-1065] Parsing verilog file "/home/micron/OriginalStreamLoopback128/firmware/M510_KU060_StreamLoopback128/firmware/src/pcie_axi/BasePicoDefines.v" included at line 16. [/home/micron/OriginalStreamLoopback128/firmware/M510_KU060_StreamLoopback128/firmware/PicoDefines.v:16]
INFO: [HDL 9-2216] Analyzing Verilog file "/home/micron/OriginalStreamLoopback128/firmware/M510_KU060_StreamLoopback128/firmware/src/pcie_axi/AXIToHMCWrapper.v" into library work [/home/micron/OriginalStreamLoopback128/firmware/M510_KU060_StreamLoopback128/firmware/src/pcie_axi/AXIToHMCWrapper.v:1]
INFO: [HDL 9-2216] Analyzing Verilog file "/home/micron/OriginalStreamLoopback128/firmware/M510_KU060_StreamLoopback128/firmware/src/pcie_axi/CardInfo32.v" into library work [/home/micron/OriginalStreamLoopback128/firmware/M510_KU060_StreamLoopback128/firmware/src/pcie_axi/CardInfo32.v:1]
INFO: [HDL 9-1065] Parsing verilog file "/home/micron/OriginalStreamLoopback128/firmware/M510_KU060_StreamLoopback128/firmware/PicoDefines.v" included at line 6. [/home/micron/OriginalStreamLoopback128/firmware/M510_KU060_StreamLoopback128/firmware/src/pcie_axi/CardInfo32.v:6]
INFO: [HDL 9-1065] Parsing verilog file "/home/micron/OriginalStreamLoopback128/firmware/M510_KU060_StreamLoopback128/firmware/src/pcie_axi/BasePicoDefines.v" included at line 16. [/home/micron/OriginalStreamLoopback128/firmware/M510_KU060_StreamLoopback128/firmware/PicoDefines.v:16]
INFO: [HDL 9-2216] Analyzing Verilog file "/home/micron/OriginalStreamLoopback128/firmware/M510_KU060_StreamLoopback128/firmware/src/pcie_axi/CounterClkGen.v" into library work [/home/micron/OriginalStreamLoopback128/firmware/M510_KU060_StreamLoopback128/firmware/src/pcie_axi/CounterClkGen.v:1]
INFO: [HDL 9-1065] Parsing verilog file "/home/micron/OriginalStreamLoopback128/firmware/M510_KU060_StreamLoopback128/firmware/PicoDefines.v" included at line 13. [/home/micron/OriginalStreamLoopback128/firmware/M510_KU060_StreamLoopback128/firmware/src/pcie_axi/CounterClkGen.v:13]
INFO: [HDL 9-1065] Parsing verilog file "/home/micron/OriginalStreamLoopback128/firmware/M510_KU060_StreamLoopback128/firmware/src/pcie_axi/BasePicoDefines.v" included at line 16. [/home/micron/OriginalStreamLoopback128/firmware/M510_KU060_StreamLoopback128/firmware/PicoDefines.v:16]
INFO: [HDL 9-2216] Analyzing Verilog file "/home/micron/OriginalStreamLoopback128/firmware/M510_KU060_StreamLoopback128/firmware/xilinx/src/FIFO.v" into library work [/home/micron/OriginalStreamLoopback128/firmware/M510_KU060_StreamLoopback128/firmware/xilinx/src/FIFO.v:1]
INFO: [HDL 9-1065] Parsing verilog file "/home/micron/OriginalStreamLoopback128/firmware/M510_KU060_StreamLoopback128/firmware/PicoDefines.v" included at line 4. [/home/micron/OriginalStreamLoopback128/firmware/M510_KU060_StreamLoopback128/firmware/xilinx/src/FIFO.v:4]
INFO: [HDL 9-1065] Parsing verilog file "/home/micron/OriginalStreamLoopback128/firmware/M510_KU060_StreamLoopback128/firmware/src/pcie_axi/BasePicoDefines.v" included at line 16. [/home/micron/OriginalStreamLoopback128/firmware/M510_KU060_StreamLoopback128/firmware/PicoDefines.v:16]
INFO: [HDL 9-2216] Analyzing Verilog file "/home/micron/OriginalStreamLoopback128/firmware/M510_KU060_StreamLoopback128/firmware/src/pcie_axi/HMCReorder.v" into library work [/home/micron/OriginalStreamLoopback128/firmware/M510_KU060_StreamLoopback128/firmware/src/pcie_axi/HMCReorder.v:1]
INFO: [HDL 9-1065] Parsing verilog file "/home/micron/OriginalStreamLoopback128/firmware/M510_KU060_StreamLoopback128/firmware/PicoDefines.v" included at line 21. [/home/micron/OriginalStreamLoopback128/firmware/M510_KU060_StreamLoopback128/firmware/src/pcie_axi/HMCReorder.v:21]
INFO: [HDL 9-1065] Parsing verilog file "/home/micron/OriginalStreamLoopback128/firmware/M510_KU060_StreamLoopback128/firmware/src/pcie_axi/BasePicoDefines.v" included at line 16. [/home/micron/OriginalStreamLoopback128/firmware/M510_KU060_StreamLoopback128/firmware/PicoDefines.v:16]
INFO: [HDL 9-2216] Analyzing Verilog file "/home/micron/OriginalStreamLoopback128/firmware/M510_KU060_StreamLoopback128/firmware/src/pcie_axi/HMCTagManager.v" into library work [/home/micron/OriginalStreamLoopback128/firmware/M510_KU060_StreamLoopback128/firmware/src/pcie_axi/HMCTagManager.v:1]
INFO: [HDL 9-1065] Parsing verilog file "/home/micron/OriginalStreamLoopback128/firmware/M510_KU060_StreamLoopback128/firmware/PicoDefines.v" included at line 16. [/home/micron/OriginalStreamLoopback128/firmware/M510_KU060_StreamLoopback128/firmware/src/pcie_axi/HMCTagManager.v:16]
INFO: [HDL 9-1065] Parsing verilog file "/home/micron/OriginalStreamLoopback128/firmware/M510_KU060_StreamLoopback128/firmware/src/pcie_axi/BasePicoDefines.v" included at line 16. [/home/micron/OriginalStreamLoopback128/firmware/M510_KU060_StreamLoopback128/firmware/PicoDefines.v:16]
INFO: [HDL 9-2216] Analyzing Verilog file "/home/micron/OriginalStreamLoopback128/firmware/M510_KU060_StreamLoopback128/firmware/src/pcie_axi/PCIeHdrAlignSplit.v" into library work [/home/micron/OriginalStreamLoopback128/firmware/M510_KU060_StreamLoopback128/firmware/src/pcie_axi/PCIeHdrAlignSplit.v:1]
INFO: [HDL 9-1065] Parsing verilog file "/home/micron/OriginalStreamLoopback128/firmware/M510_KU060_StreamLoopback128/firmware/PicoDefines.v" included at line 14. [/home/micron/OriginalStreamLoopback128/firmware/M510_KU060_StreamLoopback128/firmware/src/pcie_axi/PCIeHdrAlignSplit.v:14]
INFO: [HDL 9-1065] Parsing verilog file "/home/micron/OriginalStreamLoopback128/firmware/M510_KU060_StreamLoopback128/firmware/src/pcie_axi/BasePicoDefines.v" included at line 16. [/home/micron/OriginalStreamLoopback128/firmware/M510_KU060_StreamLoopback128/firmware/PicoDefines.v:16]
INFO: [HDL 9-2216] Analyzing Verilog file "/home/micron/OriginalStreamLoopback128/firmware/M510_KU060_StreamLoopback128/firmware/src/pcie_axi/PIO_128_RX_ENGINE.v" into library work [/home/micron/OriginalStreamLoopback128/firmware/M510_KU060_StreamLoopback128/firmware/src/pcie_axi/PIO_128_RX_ENGINE.v:1]
INFO: [HDL 9-1065] Parsing verilog file "/home/micron/OriginalStreamLoopback128/firmware/M510_KU060_StreamLoopback128/firmware/PicoDefines.v" included at line 60. [/home/micron/OriginalStreamLoopback128/firmware/M510_KU060_StreamLoopback128/firmware/src/pcie_axi/PIO_128_RX_ENGINE.v:60]
INFO: [HDL 9-1065] Parsing verilog file "/home/micron/OriginalStreamLoopback128/firmware/M510_KU060_StreamLoopback128/firmware/src/pcie_axi/BasePicoDefines.v" included at line 16. [/home/micron/OriginalStreamLoopback128/firmware/M510_KU060_StreamLoopback128/firmware/PicoDefines.v:16]
INFO: [HDL 9-2216] Analyzing Verilog file "/home/micron/OriginalStreamLoopback128/firmware/M510_KU060_StreamLoopback128/firmware/src/pcie_axi/PIO_128_TX_ENGINE.v" into library work [/home/micron/OriginalStreamLoopback128/firmware/M510_KU060_StreamLoopback128/firmware/src/pcie_axi/PIO_128_TX_ENGINE.v:1]
INFO: [HDL 9-1065] Parsing verilog file "/home/micron/OriginalStreamLoopback128/firmware/M510_KU060_StreamLoopback128/firmware/PicoDefines.v" included at line 78. [/home/micron/OriginalStreamLoopback128/firmware/M510_KU060_StreamLoopback128/firmware/src/pcie_axi/PIO_128_TX_ENGINE.v:78]
INFO: [HDL 9-1065] Parsing verilog file "/home/micron/OriginalStreamLoopback128/firmware/M510_KU060_StreamLoopback128/firmware/src/pcie_axi/BasePicoDefines.v" included at line 16. [/home/micron/OriginalStreamLoopback128/firmware/M510_KU060_StreamLoopback128/firmware/PicoDefines.v:16]
INFO: [HDL 9-2216] Analyzing Verilog file "/home/micron/OriginalStreamLoopback128/firmware/M510_KU060_StreamLoopback128/firmware/src/pcie_axi/PIO_EP.v" into library work [/home/micron/OriginalStreamLoopback128/firmware/M510_KU060_StreamLoopback128/firmware/src/pcie_axi/PIO_EP.v:1]
INFO: [HDL 9-1065] Parsing verilog file "/home/micron/OriginalStreamLoopback128/firmware/M510_KU060_StreamLoopback128/firmware/PicoDefines.v" included at line 9. [/home/micron/OriginalStreamLoopback128/firmware/M510_KU060_StreamLoopback128/firmware/src/pcie_axi/PIO_EP.v:9]
INFO: [HDL 9-1065] Parsing verilog file "/home/micron/OriginalStreamLoopback128/firmware/M510_KU060_StreamLoopback128/firmware/src/pcie_axi/BasePicoDefines.v" included at line 16. [/home/micron/OriginalStreamLoopback128/firmware/M510_KU060_StreamLoopback128/firmware/PicoDefines.v:16]
INFO: [HDL 9-2216] Analyzing Verilog file "/home/micron/OriginalStreamLoopback128/firmware/M510_KU060_StreamLoopback128/firmware/src/pcie_axi/PicoAXIDownsizer.v" into library work [/home/micron/OriginalStreamLoopback128/firmware/M510_KU060_StreamLoopback128/firmware/src/pcie_axi/PicoAXIDownsizer.v:1]
INFO: [HDL 9-2216] Analyzing Verilog file "/home/micron/OriginalStreamLoopback128/firmware/M510_KU060_StreamLoopback128/firmware/src/pcie_axi/PicoAXIUpsizer.v" into library work [/home/micron/OriginalStreamLoopback128/firmware/M510_KU060_StreamLoopback128/firmware/src/pcie_axi/PicoAXIUpsizer.v:1]
INFO: [HDL 9-2216] Analyzing Verilog file "/home/micron/OriginalStreamLoopback128/firmware/M510_KU060_StreamLoopback128/firmware/src/pcie_axi/PicoFramework.v" into library work [/home/micron/OriginalStreamLoopback128/firmware/M510_KU060_StreamLoopback128/firmware/src/pcie_axi/PicoFramework.v:1]
INFO: [HDL 9-1065] Parsing verilog file "/home/micron/OriginalStreamLoopback128/firmware/M510_KU060_StreamLoopback128/firmware/PicoDefines.v" included at line 6. [/home/micron/OriginalStreamLoopback128/firmware/M510_KU060_StreamLoopback128/firmware/src/pcie_axi/PicoFramework.v:6]
INFO: [HDL 9-1065] Parsing verilog file "/home/micron/OriginalStreamLoopback128/firmware/M510_KU060_StreamLoopback128/firmware/src/pcie_axi/BasePicoDefines.v" included at line 16. [/home/micron/OriginalStreamLoopback128/firmware/M510_KU060_StreamLoopback128/firmware/PicoDefines.v:16]
INFO: [HDL 9-2216] Analyzing Verilog file "/home/micron/OriginalStreamLoopback128/firmware/M510_KU060_StreamLoopback128/firmware/src/pcie_axi/PicoStreamIn.v" into library work [/home/micron/OriginalStreamLoopback128/firmware/M510_KU060_StreamLoopback128/firmware/src/pcie_axi/PicoStreamIn.v:1]
INFO: [HDL 9-2216] Analyzing Verilog file "/home/micron/OriginalStreamLoopback128/firmware/M510_KU060_StreamLoopback128/firmware/src/pcie_axi/PicoStreamOut.v" into library work [/home/micron/OriginalStreamLoopback128/firmware/M510_KU060_StreamLoopback128/firmware/src/pcie_axi/PicoStreamOut.v:1]
INFO: [HDL 9-2216] Analyzing Verilog file "/home/micron/OriginalStreamLoopback128/firmware/M510_KU060_StreamLoopback128/firmware/src/pcie_axi/PicoStreamToAXI.v" into library work [/home/micron/OriginalStreamLoopback128/firmware/M510_KU060_StreamLoopback128/firmware/src/pcie_axi/PicoStreamToAXI.v:1]
INFO: [HDL 9-1065] Parsing verilog file "/home/micron/OriginalStreamLoopback128/firmware/M510_KU060_StreamLoopback128/firmware/src/pcie_axi/axi_defines.v" included at line 45. [/home/micron/OriginalStreamLoopback128/firmware/M510_KU060_StreamLoopback128/firmware/src/pcie_axi/PicoStreamToAXI.v:45]
INFO: [HDL 9-2216] Analyzing Verilog file "/home/micron/OriginalStreamLoopback128/firmware/M510_KU060_StreamLoopback128/firmware/src/pcie_axi/PicoStreamToHMC.v" into library work [/home/micron/OriginalStreamLoopback128/firmware/M510_KU060_StreamLoopback128/firmware/src/pcie_axi/PicoStreamToHMC.v:1]
INFO: [HDL 9-2216] Analyzing Verilog file "/home/micron/OriginalStreamLoopback128/firmware/M510_KU060_StreamLoopback128/firmware/src/pcie_axi/Pico_Toplevel.v" into library work [/home/micron/OriginalStreamLoopback128/firmware/M510_KU060_StreamLoopback128/firmware/src/pcie_axi/Pico_Toplevel.v:1]
INFO: [HDL 9-1065] Parsing verilog file "/home/micron/OriginalStreamLoopback128/firmware/M510_KU060_StreamLoopback128/firmware/PicoDefines.v" included at line 10. [/home/micron/OriginalStreamLoopback128/firmware/M510_KU060_StreamLoopback128/firmware/src/pcie_axi/Pico_Toplevel.v:10]
INFO: [HDL 9-1065] Parsing verilog file "/home/micron/OriginalStreamLoopback128/firmware/M510_KU060_StreamLoopback128/firmware/src/pcie_axi/BasePicoDefines.v" included at line 16. [/home/micron/OriginalStreamLoopback128/firmware/M510_KU060_StreamLoopback128/firmware/PicoDefines.v:16]
INFO: [HDL 9-2216] Analyzing Verilog file "/home/micron/OriginalStreamLoopback128/firmware/M510_KU060_StreamLoopback128/firmware/src/pcie_axi/RGBBlink.v" into library work [/home/micron/OriginalStreamLoopback128/firmware/M510_KU060_StreamLoopback128/firmware/src/pcie_axi/RGBBlink.v:1]
INFO: [HDL 9-2216] Analyzing Verilog file "/home/micron/OriginalStreamLoopback128/firmware/M510_KU060_StreamLoopback128/firmware/src/pcie_axi/Reorder.v" into library work [/home/micron/OriginalStreamLoopback128/firmware/M510_KU060_StreamLoopback128/firmware/src/pcie_axi/Reorder.v:1]
INFO: [HDL 9-2216] Analyzing Verilog file "/home/micron/OriginalStreamLoopback128/firmware/M510_KU060_StreamLoopback128/firmware/src/pcie_axi/Stream2PicoBus.v" into library work [/home/micron/OriginalStreamLoopback128/firmware/M510_KU060_StreamLoopback128/firmware/src/pcie_axi/Stream2PicoBus.v:1]
INFO: [HDL 9-2216] Analyzing Verilog file "/home/micron/OriginalStreamLoopback128/firmware/M510_KU060_StreamLoopback128/firmware/src/pcie_axi/StreamAXICtrl.v" into library work [/home/micron/OriginalStreamLoopback128/firmware/M510_KU060_StreamLoopback128/firmware/src/pcie_axi/StreamAXICtrl.v:1]
INFO: [HDL 9-1065] Parsing verilog file "/home/micron/OriginalStreamLoopback128/firmware/M510_KU060_StreamLoopback128/firmware/src/pcie_axi/axi_defines.v" included at line 32. [/home/micron/OriginalStreamLoopback128/firmware/M510_KU060_StreamLoopback128/firmware/src/pcie_axi/StreamAXICtrl.v:32]
INFO: [HDL 9-1065] Parsing verilog file "/home/micron/OriginalStreamLoopback128/firmware/M510_KU060_StreamLoopback128/firmware/PicoDefines.v" included at line 33. [/home/micron/OriginalStreamLoopback128/firmware/M510_KU060_StreamLoopback128/firmware/src/pcie_axi/StreamAXICtrl.v:33]
INFO: [HDL 9-1065] Parsing verilog file "/home/micron/OriginalStreamLoopback128/firmware/M510_KU060_StreamLoopback128/firmware/src/pcie_axi/BasePicoDefines.v" included at line 16. [/home/micron/OriginalStreamLoopback128/firmware/M510_KU060_StreamLoopback128/firmware/PicoDefines.v:16]
INFO: [HDL 9-2216] Analyzing Verilog file "/home/micron/OriginalStreamLoopback128/firmware/StreamLoopback128.v" into library work [/home/micron/OriginalStreamLoopback128/firmware/StreamLoopback128.v:1]
INFO: [HDL 9-1065] Parsing verilog file "/home/micron/OriginalStreamLoopback128/firmware/M510_KU060_StreamLoopback128/firmware/PicoDefines.v" included at line 7. [/home/micron/OriginalStreamLoopback128/firmware/StreamLoopback128.v:7]
INFO: [HDL 9-1065] Parsing verilog file "/home/micron/OriginalStreamLoopback128/firmware/M510_KU060_StreamLoopback128/firmware/src/pcie_axi/BasePicoDefines.v" included at line 16. [/home/micron/OriginalStreamLoopback128/firmware/M510_KU060_StreamLoopback128/firmware/PicoDefines.v:16]
INFO: [HDL 9-2216] Analyzing Verilog file "/home/micron/OriginalStreamLoopback128/firmware/M510_KU060_StreamLoopback128/firmware/src/pcie_axi/StreamToPicoBus.v" into library work [/home/micron/OriginalStreamLoopback128/firmware/M510_KU060_StreamLoopback128/firmware/src/pcie_axi/StreamToPicoBus.v:1]
INFO: [HDL 9-2216] Analyzing Verilog file "/home/micron/OriginalStreamLoopback128/firmware/M510_KU060_StreamLoopback128/firmware/src/pcie_axi/StreamWidthConversion.v" into library work [/home/micron/OriginalStreamLoopback128/firmware/M510_KU060_StreamLoopback128/firmware/src/pcie_axi/StreamWidthConversion.v:1]
INFO: [HDL 9-2216] Analyzing Verilog file "/home/micron/OriginalStreamLoopback128/firmware/M510_KU060_StreamLoopback128/firmware/src/pcie_axi/SystemMonitor32.v" into library work [/home/micron/OriginalStreamLoopback128/firmware/M510_KU060_StreamLoopback128/firmware/src/pcie_axi/SystemMonitor32.v:1]
INFO: [HDL 9-1065] Parsing verilog file "/home/micron/OriginalStreamLoopback128/firmware/M510_KU060_StreamLoopback128/firmware/PicoDefines.v" included at line 11. [/home/micron/OriginalStreamLoopback128/firmware/M510_KU060_StreamLoopback128/firmware/src/pcie_axi/SystemMonitor32.v:11]
INFO: [HDL 9-1065] Parsing verilog file "/home/micron/OriginalStreamLoopback128/firmware/M510_KU060_StreamLoopback128/firmware/src/pcie_axi/BasePicoDefines.v" included at line 16. [/home/micron/OriginalStreamLoopback128/firmware/M510_KU060_StreamLoopback128/firmware/PicoDefines.v:16]
INFO: [HDL 9-2216] Analyzing Verilog file "/home/micron/OriginalStreamLoopback128/firmware/M510_KU060_StreamLoopback128/firmware/src/pcie_axi/TagFIFO.v" into library work [/home/micron/OriginalStreamLoopback128/firmware/M510_KU060_StreamLoopback128/firmware/src/pcie_axi/TagFIFO.v:1]
INFO: [HDL 9-1065] Parsing verilog file "/home/micron/OriginalStreamLoopback128/firmware/M510_KU060_StreamLoopback128/firmware/PicoDefines.v" included at line 17. [/home/micron/OriginalStreamLoopback128/firmware/M510_KU060_StreamLoopback128/firmware/src/pcie_axi/TagFIFO.v:17]
INFO: [HDL 9-1065] Parsing verilog file "/home/micron/OriginalStreamLoopback128/firmware/M510_KU060_StreamLoopback128/firmware/src/pcie_axi/BasePicoDefines.v" included at line 16. [/home/micron/OriginalStreamLoopback128/firmware/M510_KU060_StreamLoopback128/firmware/PicoDefines.v:16]
INFO: [HDL 9-2216] Analyzing Verilog file "/home/micron/OriginalStreamLoopback128/firmware/M510_KU060_StreamLoopback128/firmware/src/pcie_axi/TestCounter32.v" into library work [/home/micron/OriginalStreamLoopback128/firmware/M510_KU060_StreamLoopback128/firmware/src/pcie_axi/TestCounter32.v:1]
INFO: [HDL 9-1065] Parsing verilog file "/home/micron/OriginalStreamLoopback128/firmware/M510_KU060_StreamLoopback128/firmware/PicoDefines.v" included at line 5. [/home/micron/OriginalStreamLoopback128/firmware/M510_KU060_StreamLoopback128/firmware/src/pcie_axi/TestCounter32.v:5]
INFO: [HDL 9-1065] Parsing verilog file "/home/micron/OriginalStreamLoopback128/firmware/M510_KU060_StreamLoopback128/firmware/src/pcie_axi/BasePicoDefines.v" included at line 16. [/home/micron/OriginalStreamLoopback128/firmware/M510_KU060_StreamLoopback128/firmware/PicoDefines.v:16]
INFO: [HDL 9-2216] Analyzing Verilog file "/home/micron/OriginalStreamLoopback128/firmware/M510_KU060_StreamLoopback128/firmware/src/pcie_axi/UserWrapper.v" into library work [/home/micron/OriginalStreamLoopback128/firmware/M510_KU060_StreamLoopback128/firmware/src/pcie_axi/UserWrapper.v:1]
INFO: [HDL 9-1065] Parsing verilog file "/home/micron/OriginalStreamLoopback128/firmware/M510_KU060_StreamLoopback128/firmware/PicoDefines.v" included at line 6. [/home/micron/OriginalStreamLoopback128/firmware/M510_KU060_StreamLoopback128/firmware/src/pcie_axi/UserWrapper.v:6]
INFO: [HDL 9-1065] Parsing verilog file "/home/micron/OriginalStreamLoopback128/firmware/M510_KU060_StreamLoopback128/firmware/src/pcie_axi/BasePicoDefines.v" included at line 16. [/home/micron/OriginalStreamLoopback128/firmware/M510_KU060_StreamLoopback128/firmware/PicoDefines.v:16]
INFO: [HDL 9-2216] Analyzing Verilog file "/home/micron/OriginalStreamLoopback128/firmware/M510_KU060_StreamLoopback128/firmware/src/pcie_axi/asyncFifoBRAM.v" into library work [/home/micron/OriginalStreamLoopback128/firmware/M510_KU060_StreamLoopback128/firmware/src/pcie_axi/asyncFifoBRAM.v:1]
INFO: [HDL 9-2216] Analyzing Verilog file "/home/micron/OriginalStreamLoopback128/firmware/M510_KU060_StreamLoopback128/firmware/src/pcie_axi/fifo_512x128.v" into library work [/home/micron/OriginalStreamLoopback128/firmware/M510_KU060_StreamLoopback128/firmware/src/pcie_axi/fifo_512x128.v:1]
INFO: [HDL 9-1065] Parsing verilog file "/home/micron/OriginalStreamLoopback128/firmware/M510_KU060_StreamLoopback128/firmware/PicoDefines.v" included at line 10. [/home/micron/OriginalStreamLoopback128/firmware/M510_KU060_StreamLoopback128/firmware/src/pcie_axi/fifo_512x128.v:10]
INFO: [HDL 9-1065] Parsing verilog file "/home/micron/OriginalStreamLoopback128/firmware/M510_KU060_StreamLoopback128/firmware/src/pcie_axi/BasePicoDefines.v" included at line 16. [/home/micron/OriginalStreamLoopback128/firmware/M510_KU060_StreamLoopback128/firmware/PicoDefines.v:16]
INFO: [HDL 9-2216] Analyzing Verilog file "/home/micron/OriginalStreamLoopback128/firmware/M510_KU060_StreamLoopback128/firmware/xilinx/src/pcie3_7x_to_v1_6.v" into library work [/home/micron/OriginalStreamLoopback128/firmware/M510_KU060_StreamLoopback128/firmware/xilinx/src/pcie3_7x_to_v1_6.v:1]
INFO: [HDL 9-2216] Analyzing Verilog file "/home/micron/OriginalStreamLoopback128/firmware/M510_KU060_StreamLoopback128/firmware/src/pcie_axi/pcie_app_v6.v" into library work [/home/micron/OriginalStreamLoopback128/firmware/M510_KU060_StreamLoopback128/firmware/src/pcie_axi/pcie_app_v6.v:1]
INFO: [HDL 9-1065] Parsing verilog file "/home/micron/OriginalStreamLoopback128/firmware/M510_KU060_StreamLoopback128/firmware/PicoDefines.v" included at line 58. [/home/micron/OriginalStreamLoopback128/firmware/M510_KU060_StreamLoopback128/firmware/src/pcie_axi/pcie_app_v6.v:58]
INFO: [HDL 9-1065] Parsing verilog file "/home/micron/OriginalStreamLoopback128/firmware/M510_KU060_StreamLoopback128/firmware/src/pcie_axi/BasePicoDefines.v" included at line 16. [/home/micron/OriginalStreamLoopback128/firmware/M510_KU060_StreamLoopback128/firmware/PicoDefines.v:16]
INFO: [HDL 9-2216] Analyzing Verilog file "/home/micron/OriginalStreamLoopback128/firmware/M510_KU060_StreamLoopback128/firmware/xilinx/src/xilinx_pcie_3_0_7vx.v" into library work [/home/micron/OriginalStreamLoopback128/firmware/M510_KU060_StreamLoopback128/firmware/xilinx/src/xilinx_pcie_3_0_7vx.v:1]
INFO: [HDL 9-2216] Analyzing SystemVerilog file "/home/micron/OriginalStreamLoopback128/firmware/M510_KU060_StreamLoopback128/firmware/src/PicoInterfaces.sv" into library work [/home/micron/OriginalStreamLoopback128/firmware/M510_KU060_StreamLoopback128/firmware/src/PicoInterfaces.sv:1]
INFO: [HDL 9-2216] Analyzing SystemVerilog file "/home/micron/OriginalStreamLoopback128/firmware/M510_KU060_StreamLoopback128/firmware/src/UtilFunc.sv" into library work [/home/micron/OriginalStreamLoopback128/firmware/M510_KU060_StreamLoopback128/firmware/src/UtilFunc.sv:1]
INFO: [HDL 9-2216] Analyzing SystemVerilog file "/home/micron/OriginalStreamLoopback128/firmware/M510_KU060_StreamLoopback128/firmware/xilinx/src/XilinxInterfaces.sv" into library work [/home/micron/OriginalStreamLoopback128/firmware/M510_KU060_StreamLoopback128/firmware/xilinx/src/XilinxInterfaces.sv:1]
[Thu Aug 25 11:05:43 2016] Launched synth_1...
Run output will be captured here: /home/micron/OriginalStreamLoopback128/firmware/M510_KU060_StreamLoopback128/M510_KU060_StreamLoopback128.runs/synth_1/runme.log
exit
INFO: [Common 17-206] Exiting Vivado at Thu Aug 25 11:09:04 2016...
