#-----------------------------------------------------------
# Vivado v2016.2 (64-bit)
# SW Build 1577090 on Thu Jun  2 16:32:35 MDT 2016
# IP Build 1577682 on Fri Jun  3 12:00:54 MDT 2016
# Start of session at: Fri Jul 22 18:26:57 2016
# Process ID: 23396
# Current directory: /home/micron/StreamLoopback128/firmware/M510_KU060_StreamLoopback128
# Command line: vivado
# Log file: /home/micron/StreamLoopback128/firmware/M510_KU060_StreamLoopback128/vivado.log
# Journal file: /home/micron/StreamLoopback128/firmware/M510_KU060_StreamLoopback128/vivado.jou
#-----------------------------------------------------------
start_gui
open_project /home/micron/StreamLoopback128/firmware/M510_KU060_StreamLoopback128/M510_KU060_StreamLoopback128.xpr
Scanning sources...
Finished scanning sources
INFO: [IP_Flow 19-234] Refreshing IP repositories
INFO: [IP_Flow 19-1704] No user IP repositories specified
INFO: [IP_Flow 19-2313] Loaded Vivado IP repository '/opt/Xilinx/Vivado/2016.2/data/ip'.
open_project: Time (s): cpu = 00:00:15 ; elapsed = 00:00:05 . Memory (MB): peak = 5991.789 ; gain = 233.504 ; free physical = 6929 ; free virtual = 37919
update_compile_order -fileset sources_1
exit
INFO: [Common 17-206] Exiting Vivado at Fri Jul 22 18:38:03 2016...
